<?xml version="1.0" encoding="utf-8"?>
<CoverageSession xmlns:xsd="http://www.w3.org/2001/XMLSchema" xmlns:xsi="http://www.w3.org/2001/XMLSchema-instance" Version="4.7.1221.0">
  <Summary numSequencePoints="290" visitedSequencePoints="202" numBranchPoints="59" visitedBranchPoints="37" sequenceCoverage="69.66" branchCoverage="62.71" maxCyclomaticComplexity="6" minCyclomaticComplexity="1" maxCrapScore="20" minCrapScore="1" visitedClasses="1" numClasses="2" visitedMethods="18" numMethods="31" />
  <Modules>
    <Module skippedDueTo="Filter" hash="08-EF-48-96-FE-57-3F-35-34-96-EB-97-03-51-3B-B9-10-23-76-1C">
      <ModulePath>C:\WINDOWS\Microsoft.Net\assembly\GAC_64\mscorlib\v4.0_4.0.0.0__b77a5c561934e089\mscorlib.dll</ModulePath>
      <ModuleTime>2025-02-26T01:33:06.2713639Z</ModuleTime>
      <ModuleName>mscorlib</ModuleName>
      <Classes />
    </Module>
    <Module skippedDueTo="Filter" hash="9F-23-3C-B1-C4-7E-B1-E2-2F-4C-2B-0D-79-16-69-B9-88-C4-5A-FF">
      <ModulePath>C:\Program Files\Microsoft Visual Studio\2022\Community\Common7\IDE\Extensions\TestPlatform\vstest.console.exe</ModulePath>
      <ModuleTime>2023-10-29T07:12:06.1079225Z</ModuleTime>
      <ModuleName>vstest.console</ModuleName>
      <Classes />
    </Module>
    <Module skippedDueTo="Filter" hash="03-4E-12-55-3A-B0-24-84-50-16-CE-46-17-E3-51-72-8E-32-55-C6">
      <ModulePath>C:\Program Files\Microsoft Visual Studio\2022\Community\Common7\IDE\Extensions\TestPlatform\Microsoft.TestPlatform.CoreUtilities.dll</ModulePath>
      <ModuleTime>2023-10-29T07:12:05.5562042Z</ModuleTime>
      <ModuleName>Microsoft.TestPlatform.CoreUtilities</ModuleName>
      <Classes />
    </Module>
    <Module skippedDueTo="Filter" hash="B5-E4-5B-E0-47-C1-A8-65-EF-E8-CD-77-79-E5-90-26-80-87-F2-3C">
      <ModulePath>C:\Program Files\Microsoft Visual Studio\2022\Community\Common7\IDE\Extensions\TestPlatform\Microsoft.TestPlatform.PlatformAbstractions.dll</ModulePath>
      <ModuleTime>2023-10-29T07:12:05.5562042Z</ModuleTime>
      <ModuleName>Microsoft.TestPlatform.PlatformAbstractions</ModuleName>
      <Classes />
    </Module>
    <Module skippedDueTo="Filter" hash="5B-F6-A8-02-7D-E7-5F-D5-C2-8C-B7-BF-4B-5B-E3-D3-08-7A-3E-48">
      <ModulePath>C:\WINDOWS\Microsoft.Net\assembly\GAC_MSIL\System\v4.0_4.0.0.0__b77a5c561934e089\System.dll</ModulePath>
      <ModuleTime>2024-12-06T16:20:09.851195Z</ModuleTime>
      <ModuleName>System</ModuleName>
      <Classes />
    </Module>
    <Module skippedDueTo="Filter" hash="D2-BA-94-C0-A7-5A-3F-C7-9E-17-64-06-A6-B0-4A-BF-D7-66-3B-C3">
      <ModulePath>C:\Program Files\Microsoft Visual Studio\2022\Community\Common7\IDE\Extensions\TestPlatform\Microsoft.VisualStudio.TestPlatform.ObjectModel.dll</ModulePath>
      <ModuleTime>2023-10-29T07:12:05.7301926Z</ModuleTime>
      <ModuleName>Microsoft.VisualStudio.TestPlatform.ObjectModel</ModuleName>
      <Classes />
    </Module>
    <Module skippedDueTo="Filter" hash="DA-D6-26-87-82-EF-B2-3C-DB-34-AB-1A-FD-F9-A2-4F-36-03-4E-88">
      <ModulePath>C:\Program Files\Microsoft Visual Studio\2022\Community\Common7\IDE\Extensions\TestPlatform\Microsoft.VisualStudio.TestPlatform.Client.dll</ModulePath>
      <ModuleTime>2023-10-29T07:12:05.7144754Z</ModuleTime>
      <ModuleName>Microsoft.VisualStudio.TestPlatform.Client</ModuleName>
      <Classes />
    </Module>
    <Module skippedDueTo="Filter" hash="EE-07-3C-63-2E-98-56-6F-B6-C9-E3-FA-7A-62-9B-45-79-9C-2E-07">
      <ModulePath>C:\Program Files\Microsoft Visual Studio\2022\Community\Common7\IDE\Extensions\TestPlatform\Microsoft.VisualStudio.TestPlatform.Common.dll</ModulePath>
      <ModuleTime>2023-10-29T07:12:05.7301926Z</ModuleTime>
      <ModuleName>Microsoft.VisualStudio.TestPlatform.Common</ModuleName>
      <Classes />
    </Module>
    <Module skippedDueTo="Filter" hash="92-2F-49-D8-E6-16-0A-07-B4-AE-68-68-8B-C9-F1-3F-F5-6B-62-63">
      <ModulePath>C:\WINDOWS\Microsoft.Net\assembly\GAC_MSIL\System.Core\v4.0_4.0.0.0__b77a5c561934e089\System.Core.dll</ModulePath>
      <ModuleTime>2024-12-11T04:23:55.2760867Z</ModuleTime>
      <ModuleName>System.Core</ModuleName>
      <Classes />
    </Module>
    <Module skippedDueTo="Filter" hash="FE-80-D9-ED-44-5A-4F-B4-22-2C-E7-9D-17-12-C9-ED-2F-A9-F6-25">
      <ModulePath>C:\Program Files\Microsoft Visual Studio\2022\Community\Common7\IDE\Extensions\TestPlatform\ru\vstest.console.resources.dll</ModulePath>
      <ModuleTime>2023-10-29T07:12:05.8715521Z</ModuleTime>
      <ModuleName>vstest.console.resources</ModuleName>
      <Classes />
    </Module>
    <Module skippedDueTo="Filter" hash="40-86-A7-35-49-A2-89-9C-74-37-DA-95-1B-1C-A2-B4-EC-72-DB-9B">
      <ModulePath>C:\WINDOWS\Microsoft.Net\assembly\GAC_MSIL\System.Xml\v4.0_4.0.0.0__b77a5c561934e089\System.Xml.dll</ModulePath>
      <ModuleTime>2024-04-01T07:22:28.7005Z</ModuleTime>
      <ModuleName>System.Xml</ModuleName>
      <Classes />
    </Module>
    <Module skippedDueTo="Filter" hash="A1-F5-91-5D-D6-86-D8-6B-99-73-99-7D-5F-B4-53-87-C7-10-72-51">
      <ModulePath>C:\Program Files\Microsoft Visual Studio\2022\Community\Common7\IDE\Extensions\TestPlatform\Microsoft.TestPlatform.Utilities.dll</ModulePath>
      <ModuleTime>2023-10-29T07:12:05.5719131Z</ModuleTime>
      <ModuleName>Microsoft.TestPlatform.Utilities</ModuleName>
      <Classes />
    </Module>
    <Module skippedDueTo="Filter" hash="85-50-3A-FC-10-C7-96-AF-93-BE-CB-24-A4-E4-45-B9-66-15-10-CC">
      <ModulePath>C:\Program Files\Microsoft Visual Studio\2022\Community\Common7\IDE\Extensions\TestPlatform\NuGet.Frameworks.dll</ModulePath>
      <ModuleTime>2023-10-29T07:12:05.8088768Z</ModuleTime>
      <ModuleName>NuGet.Frameworks</ModuleName>
      <Classes />
    </Module>
    <Module skippedDueTo="Filter" hash="AE-6E-50-A2-81-CB-11-1B-08-11-71-D5-AE-C2-2D-79-7E-1B-4D-CC">
      <ModulePath>C:\WINDOWS\Microsoft.Net\assembly\GAC_MSIL\netstandard\v4.0_2.0.0.0__cc7b13ffcd2ddd51\netstandard.dll</ModulePath>
      <ModuleTime>2024-04-01T07:22:28.4817322Z</ModuleTime>
      <ModuleName>netstandard</ModuleName>
      <Classes />
    </Module>
    <Module skippedDueTo="Filter" hash="BC-AA-30-9D-52-79-68-B0-D7-E6-57-4B-26-E2-0A-95-B9-3C-72-72">
      <ModulePath>C:\WINDOWS\Microsoft.Net\assembly\GAC_MSIL\System.Configuration\v4.0_4.0.0.0__b03f5f7f11d50a3a\System.Configuration.dll</ModulePath>
      <ModuleTime>2024-04-01T07:22:28.1692435Z</ModuleTime>
      <ModuleName>System.Configuration</ModuleName>
      <Classes />
    </Module>
    <Module skippedDueTo="Filter" hash="62-43-7B-4E-B1-83-04-37-E7-2B-D8-70-EE-85-DF-F3-44-D4-F5-AF">
      <ModulePath>C:\Program Files\Microsoft Visual Studio\2022\Community\Common7\IDE\Extensions\TestPlatform\Microsoft.Extensions.FileSystemGlobbing.dll</ModulePath>
      <ModuleTime>2023-10-29T07:12:05.5091508Z</ModuleTime>
      <ModuleName>Microsoft.Extensions.FileSystemGlobbing</ModuleName>
      <Classes />
    </Module>
    <Module skippedDueTo="Filter" hash="D4-20-77-ED-51-C1-EF-4D-4C-36-1A-8F-1A-05-E3-5A-3D-91-C8-B2">
      <ModulePath>C:\Program Files\Microsoft Visual Studio\2022\Community\Common7\IDE\Extensions\TestPlatform\Microsoft.TestPlatform.CrossPlatEngine.dll</ModulePath>
      <ModuleTime>2023-10-29T07:12:05.5562042Z</ModuleTime>
      <ModuleName>Microsoft.TestPlatform.CrossPlatEngine</ModuleName>
      <Classes />
    </Module>
    <Module skippedDueTo="Filter" hash="51-44-6F-68-06-0A-1E-91-BE-99-7C-DE-D2-EB-43-42-1F-72-AE-E4">
      <ModulePath>C:\Program Files\Microsoft Visual Studio\2022\Community\Common7\IDE\Extensions\TestPlatform\ru\Microsoft.VisualStudio.TestPlatform.Common.resources.dll</ModulePath>
      <ModuleTime>2023-10-29T07:12:05.8715521Z</ModuleTime>
      <ModuleName>Microsoft.VisualStudio.TestPlatform.Common.resources</ModuleName>
      <Classes />
    </Module>
    <Module skippedDueTo="Filter" hash="46-95-96-69-83-72-12-F8-4B-A5-C3-DD-C4-FA-CF-38-D1-D6-7F-F6">
      <ModulePath>C:\Program Files\Microsoft Visual Studio\2022\Community\Common7\IDE\Extensions\TestPlatform\Extensions\Microsoft.TestPlatform.Extensions.BlameDataCollector.dll</ModulePath>
      <ModuleTime>2023-10-29T07:12:05.1474555Z</ModuleTime>
      <ModuleName>Microsoft.TestPlatform.Extensions.BlameDataCollector</ModuleName>
      <Classes />
    </Module>
    <Module skippedDueTo="Filter" hash="30-3D-71-22-69-EB-BA-AC-47-6F-8B-6D-B4-47-2B-D2-46-4B-D3-CE">
      <ModulePath>C:\Program Files\Microsoft Visual Studio\2022\Community\Common7\IDE\Extensions\TestPlatform\System.Reflection.Metadata.dll</ModulePath>
      <ModuleTime>2023-10-29T07:12:05.9659633Z</ModuleTime>
      <ModuleName>System.Reflection.Metadata</ModuleName>
      <Classes />
    </Module>
    <Module skippedDueTo="Filter" hash="EE-F9-43-E4-36-91-66-A0-39-DE-E9-0F-2D-81-50-46-13-D4-9C-A0">
      <ModulePath>C:\Program Files\Microsoft Visual Studio\2022\Community\Common7\IDE\Extensions\TestPlatform\System.Collections.Immutable.dll</ModulePath>
      <ModuleTime>2023-10-29T07:12:05.8872618Z</ModuleTime>
      <ModuleName>System.Collections.Immutable</ModuleName>
      <Classes />
    </Module>
    <Module skippedDueTo="Filter" hash="C8-89-CE-1F-E1-F7-F1-F2-AB-C1-9A-2E-DC-79-0E-45-ED-C0-48-A3">
      <ModulePath>C:\Program Files\Microsoft Visual Studio\2022\Community\Common7\IDE\Extensions\TestPlatform\Extensions\Microsoft.TestPlatform.Extensions.EventLogCollector.dll</ModulePath>
      <ModuleTime>2023-10-29T07:12:05.1474555Z</ModuleTime>
      <ModuleName>Microsoft.TestPlatform.Extensions.EventLogCollector</ModuleName>
      <Classes />
    </Module>
    <Module skippedDueTo="Filter" hash="AF-09-D5-2A-FC-0C-28-A9-57-51-52-C0-B7-F6-F9-CB-26-90-1C-1B">
      <ModulePath>C:\Program Files\Microsoft Visual Studio\2022\Community\Common7\IDE\Extensions\TestPlatform\Extensions\Microsoft.TestPlatform.TestHostRuntimeProvider.dll</ModulePath>
      <ModuleTime>2023-10-29T07:12:05.1474555Z</ModuleTime>
      <ModuleName>Microsoft.TestPlatform.TestHostRuntimeProvider</ModuleName>
      <Classes />
    </Module>
    <Module skippedDueTo="Filter" hash="2B-B5-74-F6-ED-A3-97-5A-60-F7-C0-94-00-AC-A5-01-6D-E5-46-2F">
      <ModulePath>C:\Program Files\Microsoft Visual Studio\2022\Community\Common7\IDE\Extensions\TestPlatform\Microsoft.VisualStudio.ArchitectureTools.PEReader.dll</ModulePath>
      <ModuleTime>2023-10-29T07:12:05.5876554Z</ModuleTime>
      <ModuleName>Microsoft.VisualStudio.ArchitectureTools.PEReader</ModuleName>
      <Classes />
    </Module>
    <Module skippedDueTo="Filter" hash="2B-B5-74-F6-ED-A3-97-5A-60-F7-C0-94-00-AC-A5-01-6D-E5-46-2F">
      <ModulePath>C:\Program Files\Microsoft Visual Studio\2022\Community\Common7\IDE\Extensions\TestPlatform\Extensions\Microsoft.VisualStudio.ArchitectureTools.PEReader.dll</ModulePath>
      <ModuleTime>2023-10-29T07:12:05.1631606Z</ModuleTime>
      <ModuleName>Microsoft.VisualStudio.ArchitectureTools.PEReader</ModuleName>
      <Classes />
    </Module>
    <Module skippedDueTo="Filter" hash="DB-E5-C7-23-A1-D1-64-2E-51-49-ED-09-AE-B4-B0-57-57-32-12-DE">
      <ModulePath>C:\Program Files\Microsoft Visual Studio\2022\Community\Common7\IDE\Extensions\TestPlatform\Extensions\Microsoft.VisualStudio.TestPlatform.Extensions.CodedWebTestAdapter.dll</ModulePath>
      <ModuleTime>2023-10-29T07:12:05.1631606Z</ModuleTime>
      <ModuleName>Microsoft.VisualStudio.TestPlatform.Extensions.CodedWebTestAdapter</ModuleName>
      <Classes />
    </Module>
    <Module skippedDueTo="Filter" hash="A3-9E-61-15-D2-11-6E-E3-0D-B3-3A-E7-BD-DA-E9-7B-B2-84-A4-9C">
      <ModulePath>C:\Program Files\Microsoft Visual Studio\2022\Community\Common7\IDE\Extensions\TestPlatform\Extensions\Microsoft.VisualStudio.TestPlatform.Extensions.TmiAdapter.dll</ModulePath>
      <ModuleTime>2023-10-29T07:12:05.1631606Z</ModuleTime>
      <ModuleName>Microsoft.VisualStudio.TestPlatform.Extensions.TmiAdapter</ModuleName>
      <Classes />
    </Module>
    <Module skippedDueTo="Filter" hash="8A-1A-8C-2D-93-A1-E3-11-F3-87-B6-4D-05-B5-46-ED-99-97-87-AC">
      <ModulePath>C:\Program Files\Microsoft Visual Studio\2022\Community\Common7\IDE\Extensions\TestPlatform\Microsoft.VisualStudio.QualityTools.Common.dll</ModulePath>
      <ModuleTime>2023-10-29T07:12:05.635135Z</ModuleTime>
      <ModuleName>Microsoft.VisualStudio.QualityTools.Common</ModuleName>
      <Classes />
    </Module>
    <Module skippedDueTo="Filter" hash="1C-6A-CD-F2-41-51-B5-A5-51-1D-C6-3B-93-53-11-C6-63-76-7B-C7">
      <ModulePath>C:\Program Files\Microsoft Visual Studio\2022\Community\Common7\IDE\Extensions\TestPlatform\Extensions\Microsoft.VisualStudio.TestPlatform.Extensions.Html.TestLogger.dll</ModulePath>
      <ModuleTime>2023-10-29T07:12:05.1631606Z</ModuleTime>
      <ModuleName>Microsoft.VisualStudio.TestPlatform.Extensions.Html.TestLogger</ModuleName>
      <Classes />
    </Module>
    <Module skippedDueTo="Filter" hash="BE-F4-6B-E9-A9-D8-A5-D5-7C-75-96-B9-A4-9C-ED-90-8E-61-11-B8">
      <ModulePath>C:\Program Files\Microsoft Visual Studio\2022\Community\Common7\IDE\Extensions\TestPlatform\Extensions\Microsoft.VisualStudio.TestPlatform.Extensions.Trx.TestLogger.dll</ModulePath>
      <ModuleTime>2023-10-29T07:12:05.1631606Z</ModuleTime>
      <ModuleName>Microsoft.VisualStudio.TestPlatform.Extensions.Trx.TestLogger</ModuleName>
      <Classes />
    </Module>
    <Module skippedDueTo="Filter" hash="34-96-4E-F1-3C-A4-09-D2-4B-53-CD-A8-27-77-12-53-EB-04-03-77">
      <ModulePath>C:\Program Files\Microsoft Visual Studio\2022\Community\Common7\IDE\Extensions\TestPlatform\Extensions\Microsoft.VisualStudio.TestPlatform.Extensions.VSTestIntegration.dll</ModulePath>
      <ModuleTime>2023-10-29T07:12:05.1631606Z</ModuleTime>
      <ModuleName>Microsoft.VisualStudio.TestPlatform.Extensions.VSTestIntegration</ModuleName>
      <Classes />
    </Module>
    <Module skippedDueTo="Filter" hash="A7-C0-FB-6E-68-F9-4E-A3-80-78-D5-CE-24-EA-50-62-5B-17-2E-27">
      <ModulePath>C:\Program Files\Microsoft Visual Studio\2022\Community\Common7\IDE\Extensions\TestPlatform\Microsoft.VisualStudio.QualityTools.UnitTestFramework.dll</ModulePath>
      <ModuleTime>2023-10-29T07:12:05.6988292Z</ModuleTime>
      <ModuleName>Microsoft.VisualStudio.QualityTools.UnitTestFramework</ModuleName>
      <Classes />
    </Module>
    <Module skippedDueTo="Filter" hash="92-E3-29-50-04-DD-80-04-AF-F7-2B-CB-4B-E8-1A-4F-92-EF-6C-94">
      <ModulePath>C:\WINDOWS\Microsoft.Net\assembly\GAC_64\System.Data\v4.0_4.0.0.0__b77a5c561934e089\System.Data.dll</ModulePath>
      <ModuleTime>2024-12-06T16:20:08.2609812Z</ModuleTime>
      <ModuleName>System.Data</ModuleName>
      <Classes />
    </Module>
    <Module skippedDueTo="Filter" hash="D4-E4-9B-8B-11-DD-F6-CD-9F-0D-7F-B4-40-4D-F7-73-D6-5B-F4-F0">
      <ModulePath>C:\Program Files\Microsoft Visual Studio\2022\Community\Common7\IDE\Extensions\TestPlatform\Extensions\Microsoft.VisualStudio.TestPlatform.Extensions.WebTestAdapter.dll</ModulePath>
      <ModuleTime>2023-10-29T07:12:05.1631606Z</ModuleTime>
      <ModuleName>Microsoft.VisualStudio.TestPlatform.Extensions.WebTestAdapter</ModuleName>
      <Classes />
    </Module>
    <Module skippedDueTo="Filter" hash="04-BA-78-1F-C0-32-77-11-49-9C-41-4D-87-9D-51-E9-73-0D-52-4B">
      <ModulePath>C:\Program Files\Microsoft Visual Studio\2022\Community\Common7\IDE\Extensions\TestPlatform\Extensions\Microsoft.VisualStudio.TestTools.CppUnitTestFramework.ComInterfaces.dll</ModulePath>
      <ModuleTime>2023-10-29T07:12:05.1631606Z</ModuleTime>
      <ModuleName>Microsoft.VisualStudio.TestTools.CppUnitTestFramework.ComInterfaces</ModuleName>
      <Classes />
    </Module>
    <Module skippedDueTo="Filter" hash="B1-D1-98-16-5D-92-0C-3B-F0-E6-C9-33-80-0A-01-6A-5B-BB-72-1F">
      <ModulePath>C:\Program Files\Microsoft Visual Studio\2022\Community\Common7\IDE\Extensions\TestPlatform\Extensions\Microsoft.VisualStudio.TestTools.CppUnitTestFramework.CppUnitTestExtension.dll</ModulePath>
      <ModuleTime>2023-10-29T07:12:05.1787865Z</ModuleTime>
      <ModuleName>Microsoft.VisualStudio.TestTools.CppUnitTestFramework.CppUnitTestExtension</ModuleName>
      <Classes />
    </Module>
    <Module skippedDueTo="Filter" hash="BF-7E-14-11-94-9F-08-B2-51-66-A2-B0-C0-62-1D-37-F7-D9-2F-B2">
      <ModulePath>C:\Program Files\Microsoft Visual Studio\2022\Community\Common7\IDE\Extensions\TestPlatform\Extensions\Microsoft.VisualStudio.TestTools.DataCollection.MediaRecorder.Model.dll</ModulePath>
      <ModuleTime>2023-10-29T07:12:05.1787865Z</ModuleTime>
      <ModuleName>Microsoft.VisualStudio.TestTools.DataCollection.MediaRecorder.Model</ModuleName>
      <Classes />
    </Module>
    <Module skippedDueTo="Filter" hash="27-3E-39-86-40-81-35-C6-6B-C5-C6-C6-6E-21-FF-76-9C-79-64-3E">
      <ModulePath>C:\Program Files\Microsoft Visual Studio\2022\Community\Common7\IDE\Extensions\TestPlatform\Extensions\Microsoft.VisualStudio.TestTools.DataCollection.VideoRecorderCollector.dll</ModulePath>
      <ModuleTime>2023-10-29T07:12:05.1787865Z</ModuleTime>
      <ModuleName>Microsoft.VisualStudio.TestTools.DataCollection.VideoRecorderCollector</ModuleName>
      <Classes />
    </Module>
    <Module skippedDueTo="Filter" hash="DE-C2-63-D3-18-C8-73-65-F9-29-DC-BB-22-07-5F-BA-66-F2-40-47">
      <ModulePath>C:\Program Files\Microsoft Visual Studio\2022\Community\Common7\IDE\Extensions\TestPlatform\Extensions\Microsoft.VisualStudio.UwpTestHostRuntimeProvider.dll</ModulePath>
      <ModuleTime>2023-10-29T07:24:41.077903Z</ModuleTime>
      <ModuleName>Microsoft.VisualStudio.UwpTestHostRuntimeProvider</ModuleName>
      <Classes />
    </Module>
    <Module skippedDueTo="Filter" hash="9C-39-FC-64-70-69-02-3F-5C-1B-88-47-BF-C9-54-E4-8A-D7-E1-4E">
      <ModulePath>C:\Program Files\Microsoft Visual Studio\2022\Community\Common7\IDE\Extensions\TestPlatform\Microsoft.VisualStudio.Telemetry.dll</ModulePath>
      <ModuleTime>2023-10-29T07:24:41.0948017Z</ModuleTime>
      <ModuleName>Microsoft.VisualStudio.Telemetry</ModuleName>
      <Classes />
    </Module>
    <Module skippedDueTo="Filter" hash="0B-AD-5E-07-4B-3F-A3-6F-52-F9-38-66-D3-40-C1-95-B2-D0-B8-92">
      <ModulePath>C:\Program Files\Microsoft Visual Studio\2022\Community\Common7\IDE\Extensions\TestPlatform\Microsoft.VisualStudio.UwpTestHostRuntimeProvider.Deployment.dll</ModulePath>
      <ModuleTime>2023-10-29T07:24:41.1024801Z</ModuleTime>
      <ModuleName>Microsoft.VisualStudio.UwpTestHostRuntimeProvider.Deployment</ModuleName>
      <Classes />
    </Module>
    <Module skippedDueTo="Filter" hash="B4-E1-E6-AA-5A-DC-7A-BD-72-21-BC-2A-4D-F2-C0-99-D5-C7-C8-B0">
      <ModulePath>C:\Program Files\Microsoft Visual Studio\2022\Community\Common7\IDE\Extensions\TestPlatform\Microsoft.TestPlatform.CommunicationUtilities.dll</ModulePath>
      <ModuleTime>2023-10-29T07:12:05.5562042Z</ModuleTime>
      <ModuleName>Microsoft.TestPlatform.CommunicationUtilities</ModuleName>
      <Classes />
    </Module>
    <Module skippedDueTo="Filter" hash="11-94-97-9E-AB-1F-96-BB-83-C2-5C-9E-3F-7A-70-39-46-2F-78-83">
      <ModulePath>C:\Program Files\Microsoft Visual Studio\2022\Community\Common7\IDE\Extensions\TestPlatform\Newtonsoft.Json.dll</ModulePath>
      <ModuleTime>2023-10-29T07:12:05.7958504Z</ModuleTime>
      <ModuleName>Newtonsoft.Json</ModuleName>
      <Classes />
    </Module>
    <Module skippedDueTo="Filter" hash="E0-9D-59-0F-BE-6F-5E-4F-D3-8F-E4-86-6E-A2-7F-81-45-E2-29-13">
      <ModulePath>C:\Program Files\Microsoft Visual Studio\2022\Community\Common7\IDE\Extensions\TestPlatform\Microsoft.TestPlatform.VsTestConsole.TranslationLayer.dll</ModulePath>
      <ModuleTime>2023-10-29T07:12:05.5719131Z</ModuleTime>
      <ModuleName>Microsoft.TestPlatform.VsTestConsole.TranslationLayer</ModuleName>
      <Classes />
    </Module>
    <Module skippedDueTo="Filter" hash="C5-31-0F-EA-57-60-85-11-17-EC-68-B6-63-63-F6-5D-5F-AE-06-A3">
      <ModulePath>C:\Users\alisa\source\repos\UchetRashodov\UnitTestProject\bin\Debug\Microsoft.VisualStudio.TestPlatform.MSTest.TestAdapter.dll</ModulePath>
      <ModuleTime>2022-04-26T13:53:30Z</ModuleTime>
      <ModuleName>Microsoft.VisualStudio.TestPlatform.MSTest.TestAdapter</ModuleName>
      <Classes />
    </Module>
    <Module skippedDueTo="Filter" hash="0F-55-88-6F-96-AE-04-6F-7B-86-44-1A-0F-AC-4D-AE-48-02-18-4A">
      <ModulePath>C:\WINDOWS\Microsoft.Net\assembly\GAC_MSIL\System.Runtime\v4.0_4.0.0.0__b03f5f7f11d50a3a\System.Runtime.dll</ModulePath>
      <ModuleTime>2024-04-01T07:22:27.9817393Z</ModuleTime>
      <ModuleName>System.Runtime</ModuleName>
      <Classes />
    </Module>
    <Module skippedDueTo="Filter" hash="98-A8-C6-0C-0B-3D-BE-02-14-17-CD-53-B9-58-5C-76-AF-1D-01-97">
      <ModulePath>C:\WINDOWS\Microsoft.Net\assembly\GAC_MSIL\System.Resources.ResourceManager\v4.0_4.0.0.0__b03f5f7f11d50a3a\System.Resources.ResourceManager.dll</ModulePath>
      <ModuleTime>2024-04-01T07:22:28.5754898Z</ModuleTime>
      <ModuleName>System.Resources.ResourceManager</ModuleName>
      <Classes />
    </Module>
    <Module skippedDueTo="Filter" hash="82-CE-81-B8-FA-70-A5-2F-F1-7F-8A-C0-F9-EC-EC-07-51-83-51-84">
      <ModulePath>C:\WINDOWS\Microsoft.Net\assembly\GAC_MSIL\System.ComponentModel.Composition\v4.0_4.0.0.0__b77a5c561934e089\System.ComponentModel.Composition.dll</ModulePath>
      <ModuleTime>2024-04-01T07:22:28.3567315Z</ModuleTime>
      <ModuleName>System.ComponentModel.Composition</ModuleName>
      <Classes />
    </Module>
    <Module skippedDueTo="Filter" hash="03-5B-80-FF-39-FA-4C-0B-8B-2A-B9-85-A5-7D-E9-25-58-E1-D4-B4">
      <ModulePath>C:\WINDOWS\Microsoft.Net\assembly\GAC_MSIL\System.Collections\v4.0_4.0.0.0__b03f5f7f11d50a3a\System.Collections.dll</ModulePath>
      <ModuleTime>2024-04-01T07:22:28.8411157Z</ModuleTime>
      <ModuleName>System.Collections</ModuleName>
      <Classes />
    </Module>
    <Module skippedDueTo="Filter" hash="2E-B4-73-F0-82-8F-5E-18-13-F8-FA-B8-61-C5-4E-20-F7-04-B6-F3">
      <ModulePath>C:\WINDOWS\Microsoft.Net\assembly\GAC_MSIL\System.Runtime.Extensions\v4.0_4.0.0.0__b03f5f7f11d50a3a\System.Runtime.Extensions.dll</ModulePath>
      <ModuleTime>2024-04-01T07:22:28.4973692Z</ModuleTime>
      <ModuleName>System.Runtime.Extensions</ModuleName>
      <Classes />
    </Module>
    <Module skippedDueTo="Filter" hash="EE-BE-AD-9E-ED-14-35-BB-D1-DC-D1-BF-B4-8E-25-A5-59-BC-5E-DF">
      <ModulePath>C:\WINDOWS\Microsoft.Net\assembly\GAC_MSIL\System.resources\v4.0_4.0.0.0_ru_b77a5c561934e089\System.resources.dll</ModulePath>
      <ModuleTime>2024-04-01T16:29:31.5423807Z</ModuleTime>
      <ModuleName>System.resources</ModuleName>
      <Classes />
    </Module>
    <Module skippedDueTo="Filter" hash="8B-79-C3-D5-74-42-E3-9E-49-4E-8B-14-FE-F6-FB-28-1E-3C-88-DC">
      <ModulePath>C:\WINDOWS\Microsoft.Net\assembly\GAC_MSIL\System.Xml.Linq\v4.0_4.0.0.0__b77a5c561934e089\System.Xml.Linq.dll</ModulePath>
      <ModuleTime>2024-04-01T07:22:28.1536204Z</ModuleTime>
      <ModuleName>System.Xml.Linq</ModuleName>
      <Classes />
    </Module>
    <Module skippedDueTo="Filter" hash="58-26-19-5D-19-5B-A3-31-7B-22-FB-72-6E-60-23-1E-80-05-71-EC">
      <ModulePath>C:\Users\alisa\source\repos\UchetRashodov\UnitTestProject\bin\Debug\Microsoft.VisualStudio.TestPlatform.MSTestAdapter.PlatformServices.Interface.dll</ModulePath>
      <ModuleTime>2022-04-26T13:49:26Z</ModuleTime>
      <ModuleName>Microsoft.VisualStudio.TestPlatform.MSTestAdapter.PlatformServices.Interface</ModuleName>
      <Classes />
    </Module>
    <Module skippedDueTo="Filter" hash="E1-86-8F-03-63-8B-3B-94-02-7A-FE-2C-4F-1C-DA-84-D3-9C-10-54">
      <ModulePath>C:\Users\alisa\source\repos\UchetRashodov\UnitTestProject\bin\Debug\Microsoft.VisualStudio.TestPlatform.TestFramework.dll</ModulePath>
      <ModuleTime>2022-04-26T13:51:04Z</ModuleTime>
      <ModuleName>Microsoft.VisualStudio.TestPlatform.TestFramework</ModuleName>
      <Classes />
    </Module>
    <Module skippedDueTo="Filter" hash="C7-D2-62-4A-FF-1F-91-64-1C-F2-BB-0F-AE-0C-EB-10-90-97-CA-6C">
      <ModulePath>C:\Users\alisa\source\repos\UchetRashodov\UnitTestProject\bin\Debug\Microsoft.VisualStudio.TestPlatform.MSTestAdapter.PlatformServices.dll</ModulePath>
      <ModuleTime>2022-04-26T13:50:58Z</ModuleTime>
      <ModuleName>Microsoft.VisualStudio.TestPlatform.MSTestAdapter.PlatformServices</ModuleName>
      <Classes />
    </Module>
    <Module skippedDueTo="Filter" hash="3A-CF-7F-94-B9-9B-DA-10-01-57-A8-00-44-23-66-F2-BC-19-E1-0B">
      <ModulePath>C:\WINDOWS\Microsoft.Net\assembly\GAC_MSIL\System.Linq\v4.0_4.0.0.0__b03f5f7f11d50a3a\System.Linq.dll</ModulePath>
      <ModuleTime>2024-04-01T07:22:28.3411127Z</ModuleTime>
      <ModuleName>System.Linq</ModuleName>
      <Classes />
    </Module>
    <Module skippedDueTo="Filter" hash="F3-22-CA-B2-89-EA-80-64-5C-5B-45-49-39-8B-64-5E-67-BB-38-4B">
      <ModulePath>C:\WINDOWS\Microsoft.Net\assembly\GAC_MSIL\System.Reflection\v4.0_4.0.0.0__b03f5f7f11d50a3a\System.Reflection.dll</ModulePath>
      <ModuleTime>2024-04-01T07:22:28.3098557Z</ModuleTime>
      <ModuleName>System.Reflection</ModuleName>
      <Classes />
    </Module>
    <Module skippedDueTo="Filter" hash="40-8C-5E-02-97-2A-F3-37-AD-07-CC-FF-5A-59-CF-A8-F1-62-71-FC">
      <ModulePath>C:\WINDOWS\Microsoft.Net\assembly\GAC_MSIL\System.IO\v4.0_4.0.0.0__b03f5f7f11d50a3a\System.IO.dll</ModulePath>
      <ModuleTime>2024-04-01T07:22:28.0286234Z</ModuleTime>
      <ModuleName>System.IO</ModuleName>
      <Classes />
    </Module>
    <Module skippedDueTo="Filter" hash="02-61-C2-E9-7C-BB-0B-1C-67-05-98-EE-17-92-94-2D-B7-B4-61-E4">
      <ModulePath>C:\WINDOWS\Microsoft.Net\assembly\GAC_MSIL\System.Xml.ReaderWriter\v4.0_4.0.0.0__b03f5f7f11d50a3a\System.Xml.ReaderWriter.dll</ModulePath>
      <ModuleTime>2024-04-01T07:22:28.0286234Z</ModuleTime>
      <ModuleName>System.Xml.ReaderWriter</ModuleName>
      <Classes />
    </Module>
    <Module skippedDueTo="Filter" hash="31-66-63-27-C4-0E-4B-93-F0-BD-5A-C9-8B-6A-92-8B-FB-67-DF-D4">
      <ModulePath>C:\WINDOWS\Microsoft.Net\assembly\GAC_MSIL\System.Xml.XDocument\v4.0_4.0.0.0__b03f5f7f11d50a3a\System.Xml.XDocument.dll</ModulePath>
      <ModuleTime>2024-04-01T07:22:28.0129901Z</ModuleTime>
      <ModuleName>System.Xml.XDocument</ModuleName>
      <Classes />
    </Module>
    <Module skippedDueTo="Filter" hash="CA-CD-0A-96-17-65-6D-82-10-A6-4F-28-E8-D9-E7-DF-B0-DC-17-C8">
      <ModulePath>C:\WINDOWS\Microsoft.Net\assembly\GAC_MSIL\System.Globalization\v4.0_4.0.0.0__b03f5f7f11d50a3a\System.Globalization.dll</ModulePath>
      <ModuleTime>2024-04-01T07:22:28.3567315Z</ModuleTime>
      <ModuleName>System.Globalization</ModuleName>
      <Classes />
    </Module>
    <Module skippedDueTo="Filter" hash="D2-BA-94-C0-A7-5A-3F-C7-9E-17-64-06-A6-B0-4A-BF-D7-66-3B-C3">
      <ModulePath>C:\Program Files\Microsoft Visual Studio\2022\Community\Common7\IDE\Extensions\TestPlatform\Microsoft.VisualStudio.TestPlatform.ObjectModel.dll</ModulePath>
      <ModuleTime>2023-10-29T07:12:05.7301926Z</ModuleTime>
      <ModuleName>Microsoft.VisualStudio.TestPlatform.ObjectModel</ModuleName>
      <Classes />
    </Module>
    <Module skippedDueTo="Filter" hash="E2-67-5E-96-2C-96-B5-86-40-49-11-C8-24-AC-0D-C7-53-65-3E-C9">
      <ModulePath>C:\Users\alisa\source\repos\UchetRashodov\UnitTestProject\bin\Debug\UnitTestProject.dll</ModulePath>
      <ModuleTime>2025-05-24T06:43:22.584875Z</ModuleTime>
      <ModuleName>UnitTestProject</ModuleName>
      <Classes />
    </Module>
    <Module skippedDueTo="Filter" hash="B5-E4-5B-E0-47-C1-A8-65-EF-E8-CD-77-79-E5-90-26-80-87-F2-3C">
      <ModulePath>C:\Program Files\Microsoft Visual Studio\2022\Community\Common7\IDE\Extensions\TestPlatform\Microsoft.TestPlatform.PlatformAbstractions.dll</ModulePath>
      <ModuleTime>2023-10-29T07:12:05.5562042Z</ModuleTime>
      <ModuleName>Microsoft.TestPlatform.PlatformAbstractions</ModuleName>
      <Classes />
    </Module>
    <Module skippedDueTo="Filter" hash="C7-D2-62-4A-FF-1F-91-64-1C-F2-BB-0F-AE-0C-EB-10-90-97-CA-6C">
      <ModulePath>C:\Users\alisa\source\repos\UchetRashodov\UnitTestProject\bin\Debug\Microsoft.VisualStudio.TestPlatform.MSTestAdapter.PlatformServices.dll</ModulePath>
      <ModuleTime>2022-04-26T13:50:58Z</ModuleTime>
      <ModuleName>Microsoft.VisualStudio.TestPlatform.MSTestAdapter.PlatformServices</ModuleName>
      <Classes />
    </Module>
    <Module skippedDueTo="Filter" hash="5B-F6-A8-02-7D-E7-5F-D5-C2-8C-B7-BF-4B-5B-E3-D3-08-7A-3E-48">
      <ModulePath>C:\WINDOWS\Microsoft.Net\assembly\GAC_MSIL\System\v4.0_4.0.0.0__b77a5c561934e089\System.dll</ModulePath>
      <ModuleTime>2024-12-06T16:20:09.851195Z</ModuleTime>
      <ModuleName>System</ModuleName>
      <Classes />
    </Module>
    <Module skippedDueTo="Filter" hash="03-4E-12-55-3A-B0-24-84-50-16-CE-46-17-E3-51-72-8E-32-55-C6">
      <ModulePath>C:\Program Files\Microsoft Visual Studio\2022\Community\Common7\IDE\Extensions\TestPlatform\Microsoft.TestPlatform.CoreUtilities.dll</ModulePath>
      <ModuleTime>2023-10-29T07:12:05.5562042Z</ModuleTime>
      <ModuleName>Microsoft.TestPlatform.CoreUtilities</ModuleName>
      <Classes />
    </Module>
    <Module skippedDueTo="Filter" hash="E2-67-5E-96-2C-96-B5-86-40-49-11-C8-24-AC-0D-C7-53-65-3E-C9">
      <ModulePath>C:\Users\alisa\source\repos\UchetRashodov\UnitTestProject\bin\Debug\UnitTestProject.dll</ModulePath>
      <ModuleTime>2025-05-24T06:43:22.584875Z</ModuleTime>
      <ModuleName>UnitTestProject</ModuleName>
      <Classes />
    </Module>
    <Module skippedDueTo="Filter" hash="B5-E4-5B-E0-47-C1-A8-65-EF-E8-CD-77-79-E5-90-26-80-87-F2-3C">
      <ModulePath>C:\Program Files\Microsoft Visual Studio\2022\Community\Common7\IDE\Extensions\TestPlatform\Microsoft.TestPlatform.PlatformAbstractions.dll</ModulePath>
      <ModuleTime>2023-10-29T07:12:05.5562042Z</ModuleTime>
      <ModuleName>Microsoft.TestPlatform.PlatformAbstractions</ModuleName>
      <Classes />
    </Module>
    <Module skippedDueTo="Filter" hash="C7-D2-62-4A-FF-1F-91-64-1C-F2-BB-0F-AE-0C-EB-10-90-97-CA-6C">
      <ModulePath>C:\Users\alisa\source\repos\UchetRashodov\UnitTestProject\bin\Debug\Microsoft.VisualStudio.TestPlatform.MSTestAdapter.PlatformServices.dll</ModulePath>
      <ModuleTime>2022-04-26T13:50:58Z</ModuleTime>
      <ModuleName>Microsoft.VisualStudio.TestPlatform.MSTestAdapter.PlatformServices</ModuleName>
      <Classes />
    </Module>
    <Module skippedDueTo="Filter" hash="5B-F6-A8-02-7D-E7-5F-D5-C2-8C-B7-BF-4B-5B-E3-D3-08-7A-3E-48">
      <ModulePath>C:\WINDOWS\Microsoft.Net\assembly\GAC_MSIL\System\v4.0_4.0.0.0__b77a5c561934e089\System.dll</ModulePath>
      <ModuleTime>2024-12-06T16:20:09.851195Z</ModuleTime>
      <ModuleName>System</ModuleName>
      <Classes />
    </Module>
    <Module skippedDueTo="Filter" hash="C5-31-0F-EA-57-60-85-11-17-EC-68-B6-63-63-F6-5D-5F-AE-06-A3">
      <ModulePath>C:\Users\alisa\source\repos\UchetRashodov\UnitTestProject\bin\Debug\Microsoft.VisualStudio.TestPlatform.MSTest.TestAdapter.dll</ModulePath>
      <ModuleTime>2022-04-26T13:53:30Z</ModuleTime>
      <ModuleName>Microsoft.VisualStudio.TestPlatform.MSTest.TestAdapter</ModuleName>
      <Classes />
    </Module>
    <Module skippedDueTo="Filter" hash="0F-55-88-6F-96-AE-04-6F-7B-86-44-1A-0F-AC-4D-AE-48-02-18-4A">
      <ModulePath>C:\WINDOWS\Microsoft.Net\assembly\GAC_MSIL\System.Runtime\v4.0_4.0.0.0__b03f5f7f11d50a3a\System.Runtime.dll</ModulePath>
      <ModuleTime>2024-04-01T07:22:27.9817393Z</ModuleTime>
      <ModuleName>System.Runtime</ModuleName>
      <Classes />
    </Module>
    <Module skippedDueTo="Filter" hash="E1-86-8F-03-63-8B-3B-94-02-7A-FE-2C-4F-1C-DA-84-D3-9C-10-54">
      <ModulePath>C:\Users\alisa\source\repos\UchetRashodov\UnitTestProject\bin\Debug\Microsoft.VisualStudio.TestPlatform.TestFramework.dll</ModulePath>
      <ModuleTime>2022-04-26T13:51:04Z</ModuleTime>
      <ModuleName>Microsoft.VisualStudio.TestPlatform.TestFramework</ModuleName>
      <Classes />
    </Module>
    <Module skippedDueTo="Filter" hash="03-5B-80-FF-39-FA-4C-0B-8B-2A-B9-85-A5-7D-E9-25-58-E1-D4-B4">
      <ModulePath>C:\WINDOWS\Microsoft.Net\assembly\GAC_MSIL\System.Collections\v4.0_4.0.0.0__b03f5f7f11d50a3a\System.Collections.dll</ModulePath>
      <ModuleTime>2024-04-01T07:22:28.8411157Z</ModuleTime>
      <ModuleName>System.Collections</ModuleName>
      <Classes />
    </Module>
    <Module skippedDueTo="Filter" hash="F3-22-CA-B2-89-EA-80-64-5C-5B-45-49-39-8B-64-5E-67-BB-38-4B">
      <ModulePath>C:\WINDOWS\Microsoft.Net\assembly\GAC_MSIL\System.Reflection\v4.0_4.0.0.0__b03f5f7f11d50a3a\System.Reflection.dll</ModulePath>
      <ModuleTime>2024-04-01T07:22:28.3098557Z</ModuleTime>
      <ModuleName>System.Reflection</ModuleName>
      <Classes />
    </Module>
    <Module skippedDueTo="Filter" hash="23-2C-A8-59-9F-86-39-67-FD-8F-83-22-F3-78-AB-BD-26-D1-58-97">
      <ModulePath>C:\WINDOWS\Microsoft.Net\assembly\GAC_MSIL\System.Collections.Concurrent\v4.0_4.0.0.0__b03f5f7f11d50a3a\System.Collections.Concurrent.dll</ModulePath>
      <ModuleTime>2024-04-01T07:22:28.0129901Z</ModuleTime>
      <ModuleName>System.Collections.Concurrent</ModuleName>
      <Classes />
    </Module>
    <Module skippedDueTo="Filter" hash="2E-B4-73-F0-82-8F-5E-18-13-F8-FA-B8-61-C5-4E-20-F7-04-B6-F3">
      <ModulePath>C:\WINDOWS\Microsoft.Net\assembly\GAC_MSIL\System.Runtime.Extensions\v4.0_4.0.0.0__b03f5f7f11d50a3a\System.Runtime.Extensions.dll</ModulePath>
      <ModuleTime>2024-04-01T07:22:28.4973692Z</ModuleTime>
      <ModuleName>System.Runtime.Extensions</ModuleName>
      <Classes />
    </Module>
    <Module skippedDueTo="Filter" hash="DE-75-19-62-B1-59-C8-83-DD-10-ED-25-7F-CB-2D-94-0E-F3-4F-1B">
      <ModulePath>C:\WINDOWS\Microsoft.Net\assembly\GAC_MSIL\System.Reflection.Extensions\v4.0_4.0.0.0__b03f5f7f11d50a3a\System.Reflection.Extensions.dll</ModulePath>
      <ModuleTime>2024-04-01T07:22:28.606731Z</ModuleTime>
      <ModuleName>System.Reflection.Extensions</ModuleName>
      <Classes />
    </Module>
    <Module skippedDueTo="Filter" hash="58-26-19-5D-19-5B-A3-31-7B-22-FB-72-6E-60-23-1E-80-05-71-EC">
      <ModulePath>C:\Users\alisa\source\repos\UchetRashodov\UnitTestProject\bin\Debug\Microsoft.VisualStudio.TestPlatform.MSTestAdapter.PlatformServices.Interface.dll</ModulePath>
      <ModuleTime>2022-04-26T13:49:26Z</ModuleTime>
      <ModuleName>Microsoft.VisualStudio.TestPlatform.MSTestAdapter.PlatformServices.Interface</ModuleName>
      <Classes />
    </Module>
    <Module skippedDueTo="Filter" hash="DE-75-19-62-B1-59-C8-83-DD-10-ED-25-7F-CB-2D-94-0E-F3-4F-1B">
      <ModulePath>C:\WINDOWS\Microsoft.Net\assembly\GAC_MSIL\System.Reflection.Extensions\v4.0_4.0.0.0__b03f5f7f11d50a3a\System.Reflection.Extensions.dll</ModulePath>
      <ModuleTime>2024-04-01T07:22:28.606731Z</ModuleTime>
      <ModuleName>System.Reflection.Extensions</ModuleName>
      <Classes />
    </Module>
    <Module skippedDueTo="Filter" hash="E2-67-5E-96-2C-96-B5-86-40-49-11-C8-24-AC-0D-C7-53-65-3E-C9">
      <ModulePath>C:\Users\alisa\source\repos\UchetRashodov\UnitTestProject\bin\Debug\UnitTestProject.dll</ModulePath>
      <ModuleTime>2025-05-24T06:43:22.584875Z</ModuleTime>
      <ModuleName>UnitTestProject</ModuleName>
      <Classes />
    </Module>
    <Module skippedDueTo="Filter" hash="3A-CF-7F-94-B9-9B-DA-10-01-57-A8-00-44-23-66-F2-BC-19-E1-0B">
      <ModulePath>C:\WINDOWS\Microsoft.Net\assembly\GAC_MSIL\System.Linq\v4.0_4.0.0.0__b03f5f7f11d50a3a\System.Linq.dll</ModulePath>
      <ModuleTime>2024-04-01T07:22:28.3411127Z</ModuleTime>
      <ModuleName>System.Linq</ModuleName>
      <Classes />
    </Module>
    <Module skippedDueTo="Filter" hash="92-2F-49-D8-E6-16-0A-07-B4-AE-68-68-8B-C9-F1-3F-F5-6B-62-63">
      <ModulePath>C:\WINDOWS\Microsoft.Net\assembly\GAC_MSIL\System.Core\v4.0_4.0.0.0__b77a5c561934e089\System.Core.dll</ModulePath>
      <ModuleTime>2024-12-11T04:23:55.2760867Z</ModuleTime>
      <ModuleName>System.Core</ModuleName>
      <Classes />
    </Module>
    <Module skippedDueTo="Filter" hash="CA-CD-0A-96-17-65-6D-82-10-A6-4F-28-E8-D9-E7-DF-B0-DC-17-C8">
      <ModulePath>C:\WINDOWS\Microsoft.Net\assembly\GAC_MSIL\System.Globalization\v4.0_4.0.0.0__b03f5f7f11d50a3a\System.Globalization.dll</ModulePath>
      <ModuleTime>2024-04-01T07:22:28.3567315Z</ModuleTime>
      <ModuleName>System.Globalization</ModuleName>
      <Classes />
    </Module>
    <Module skippedDueTo="Filter" hash="02-61-C2-E9-7C-BB-0B-1C-67-05-98-EE-17-92-94-2D-B7-B4-61-E4">
      <ModulePath>C:\WINDOWS\Microsoft.Net\assembly\GAC_MSIL\System.Xml.ReaderWriter\v4.0_4.0.0.0__b03f5f7f11d50a3a\System.Xml.ReaderWriter.dll</ModulePath>
      <ModuleTime>2024-04-01T07:22:28.0286234Z</ModuleTime>
      <ModuleName>System.Xml.ReaderWriter</ModuleName>
      <Classes />
    </Module>
    <Module skippedDueTo="Filter" hash="40-86-A7-35-49-A2-89-9C-74-37-DA-95-1B-1C-A2-B4-EC-72-DB-9B">
      <ModulePath>C:\WINDOWS\Microsoft.Net\assembly\GAC_MSIL\System.Xml\v4.0_4.0.0.0__b77a5c561934e089\System.Xml.dll</ModulePath>
      <ModuleTime>2024-04-01T07:22:28.7005Z</ModuleTime>
      <ModuleName>System.Xml</ModuleName>
      <Classes />
    </Module>
    <Module skippedDueTo="Filter" hash="D2-BA-94-C0-A7-5A-3F-C7-9E-17-64-06-A6-B0-4A-BF-D7-66-3B-C3">
      <ModulePath>C:\Program Files\Microsoft Visual Studio\2022\Community\Common7\IDE\Extensions\TestPlatform\Microsoft.VisualStudio.TestPlatform.ObjectModel.dll</ModulePath>
      <ModuleTime>2023-10-29T07:12:05.7301926Z</ModuleTime>
      <ModuleName>Microsoft.VisualStudio.TestPlatform.ObjectModel</ModuleName>
      <Classes />
    </Module>
    <Module skippedDueTo="Filter" hash="40-8C-5E-02-97-2A-F3-37-AD-07-CC-FF-5A-59-CF-A8-F1-62-71-FC">
      <ModulePath>C:\WINDOWS\Microsoft.Net\assembly\GAC_MSIL\System.IO\v4.0_4.0.0.0__b03f5f7f11d50a3a\System.IO.dll</ModulePath>
      <ModuleTime>2024-04-01T07:22:28.0286234Z</ModuleTime>
      <ModuleName>System.IO</ModuleName>
      <Classes />
    </Module>
    <Module skippedDueTo="Filter" hash="03-4E-12-55-3A-B0-24-84-50-16-CE-46-17-E3-51-72-8E-32-55-C6">
      <ModulePath>C:\Program Files\Microsoft Visual Studio\2022\Community\Common7\IDE\Extensions\TestPlatform\Microsoft.TestPlatform.CoreUtilities.dll</ModulePath>
      <ModuleTime>2023-10-29T07:12:05.5562042Z</ModuleTime>
      <ModuleName>Microsoft.TestPlatform.CoreUtilities</ModuleName>
      <Classes />
    </Module>
    <Module skippedDueTo="Filter" hash="BC-AA-30-9D-52-79-68-B0-D7-E6-57-4B-26-E2-0A-95-B9-3C-72-72">
      <ModulePath>C:\WINDOWS\Microsoft.Net\assembly\GAC_MSIL\System.Configuration\v4.0_4.0.0.0__b03f5f7f11d50a3a\System.Configuration.dll</ModulePath>
      <ModuleTime>2024-04-01T07:22:28.1692435Z</ModuleTime>
      <ModuleName>System.Configuration</ModuleName>
      <Classes />
    </Module>
    <Module skippedDueTo="Filter" hash="BB-EB-48-63-BE-79-C7-BC-18-E6-F9-B3-43-66-FB-1D-95-A0-01-19">
      <ModulePath>C:\WINDOWS\Microsoft.Net\assembly\GAC_MSIL\System.Threading\v4.0_4.0.0.0__b03f5f7f11d50a3a\System.Threading.dll</ModulePath>
      <ModuleTime>2024-04-01T07:22:28.0599665Z</ModuleTime>
      <ModuleName>System.Threading</ModuleName>
      <Classes />
    </Module>
    <Module skippedDueTo="Filter" hash="BD-AA-98-D1-2F-9E-16-9B-76-C0-18-3F-75-1F-ED-F8-82-EE-6F-F8">
      <ModulePath>C:\WINDOWS\Microsoft.Net\assembly\GAC_MSIL\System.Threading.Tasks\v4.0_4.0.0.0__b03f5f7f11d50a3a\System.Threading.Tasks.dll</ModulePath>
      <ModuleTime>2024-04-01T07:22:28.0442316Z</ModuleTime>
      <ModuleName>System.Threading.Tasks</ModuleName>
      <Classes />
    </Module>
    <Module skippedDueTo="Filter" hash="A4-F3-A6-A3-B7-C5-D3-71-47-4F-BB-9A-4D-51-F0-E7-5E-CC-09-27">
      <ModulePath>C:\Users\alisa\source\repos\UchetRashodov\UnitTestProject\bin\Debug\Microsoft.TestPlatform.AdapterUtilities.dll</ModulePath>
      <ModuleTime>2022-02-16T03:03:38Z</ModuleTime>
      <ModuleName>Microsoft.TestPlatform.AdapterUtilities</ModuleName>
      <Classes />
    </Module>
    <Module skippedDueTo="Filter" hash="7C-12-87-FB-75-CF-86-3B-F6-1D-31-5A-5D-C6-AC-21-BC-22-45-84">
      <ModulePath>C:\Users\alisa\source\repos\UchetRashodov\UnitTestProject\bin\Debug\Microsoft.VisualStudio.TestPlatform.TestFramework.Extensions.dll</ModulePath>
      <ModuleTime>2022-04-26T13:52:24Z</ModuleTime>
      <ModuleName>Microsoft.VisualStudio.TestPlatform.TestFramework.Extensions</ModuleName>
      <Classes />
    </Module>
    <Module skippedDueTo="Filter" hash="92-E3-29-50-04-DD-80-04-AF-F7-2B-CB-4B-E8-1A-4F-92-EF-6C-94">
      <ModulePath>C:\WINDOWS\Microsoft.Net\assembly\GAC_64\System.Data\v4.0_4.0.0.0__b77a5c561934e089\System.Data.dll</ModulePath>
      <ModuleTime>2024-12-06T16:20:08.2609812Z</ModuleTime>
      <ModuleName>System.Data</ModuleName>
      <Classes />
    </Module>
    <Module skippedDueTo="Filter" hash="5F-80-24-0F-92-8E-92-19-8A-00-FF-82-ED-98-63-35-53-4C-23-33">
      <ModulePath>C:\WINDOWS\Microsoft.Net\assembly\GAC_MSIL\System.Diagnostics.Debug\v4.0_4.0.0.0__b03f5f7f11d50a3a\System.Diagnostics.Debug.dll</ModulePath>
      <ModuleTime>2024-04-01T07:22:28.3098557Z</ModuleTime>
      <ModuleName>System.Diagnostics.Debug</ModuleName>
      <Classes />
    </Module>
    <Module skippedDueTo="Filter" hash="4B-77-9D-35-59-8C-65-33-61-AC-3F-C3-FA-42-75-86-F9-D2-4F-9D">
      <ModulePath>C:\WINDOWS\Microsoft.Net\assembly\GAC_MSIL\System.Runtime.Serialization\v4.0_4.0.0.0__b77a5c561934e089\System.Runtime.Serialization.dll</ModulePath>
      <ModuleTime>2024-12-06T16:20:08.3966947Z</ModuleTime>
      <ModuleName>System.Runtime.Serialization</ModuleName>
      <Classes />
    </Module>
    <Module skippedDueTo="Filter" hash="5F-80-24-0F-92-8E-92-19-8A-00-FF-82-ED-98-63-35-53-4C-23-33">
      <ModulePath>C:\WINDOWS\Microsoft.Net\assembly\GAC_MSIL\System.Diagnostics.Debug\v4.0_4.0.0.0__b03f5f7f11d50a3a\System.Diagnostics.Debug.dll</ModulePath>
      <ModuleTime>2024-04-01T07:22:28.3098557Z</ModuleTime>
      <ModuleName>System.Diagnostics.Debug</ModuleName>
      <Classes />
    </Module>
    <Module skippedDueTo="Filter" hash="59-72-BF-D1-35-B7-B9-EB-40-C5-C8-5D-A4-C1-27-56-3B-B1-1B-5D">
      <ModulePath>C:\Program Files\Microsoft Visual Studio\2022\Community\Common7\IDE\Extensions\TestPlatform\Microsoft.TestPlatform.AdapterUtilities.dll</ModulePath>
      <ModuleTime>2023-10-29T07:12:05.5405782Z</ModuleTime>
      <ModuleName>Microsoft.TestPlatform.AdapterUtilities</ModuleName>
      <Classes />
    </Module>
    <Module skippedDueTo="Filter" hash="4B-77-9D-35-59-8C-65-33-61-AC-3F-C3-FA-42-75-86-F9-D2-4F-9D">
      <ModulePath>C:\WINDOWS\Microsoft.Net\assembly\GAC_MSIL\System.Runtime.Serialization\v4.0_4.0.0.0__b77a5c561934e089\System.Runtime.Serialization.dll</ModulePath>
      <ModuleTime>2024-12-06T16:20:08.3966947Z</ModuleTime>
      <ModuleName>System.Runtime.Serialization</ModuleName>
      <Classes />
    </Module>
    <Module skippedDueTo="Filter" hash="1A-99-D6-10-17-5A-0A-3A-03-C8-19-0B-D1-73-69-66-77-3A-BE-9E">
      <ModulePath>C:\WINDOWS\Microsoft.Net\assembly\GAC_MSIL\SMDiagnostics\v4.0_4.0.0.0__b77a5c561934e089\SMDiagnostics.dll</ModulePath>
      <ModuleTime>2024-12-06T16:20:08.4523833Z</ModuleTime>
      <ModuleName>SMDiagnostics</ModuleName>
      <Classes />
    </Module>
    <Module skippedDueTo="Filter" hash="7E-10-84-30-8B-34-4D-E2-98-F1-40-1E-30-DF-7A-0D-71-E8-6A-1C">
      <ModulePath>C:\Program Files\Microsoft Visual Studio\2022\Community\Common7\IDE\Extensions\TestPlatform\ru\Microsoft.VisualStudio.TestPlatform.ObjectModel.resources.dll</ModulePath>
      <ModuleTime>2023-10-29T07:12:05.8715521Z</ModuleTime>
      <ModuleName>Microsoft.VisualStudio.TestPlatform.ObjectModel.resources</ModuleName>
      <Classes />
    </Module>
    <Module skippedDueTo="Filter" hash="80-32-7E-E6-30-78-07-AF-4E-CC-6B-02-01-6C-3F-63-1A-CD-AA-75">
      <ModulePath>C:\Users\alisa\source\repos\UchetRashodov\UnitTestProject\bin\Debug\ru\Microsoft.VisualStudio.TestPlatform.MSTestAdapter.PlatformServices.resources.dll</ModulePath>
      <ModuleTime>2022-04-26T13:50:38Z</ModuleTime>
      <ModuleName>Microsoft.VisualStudio.TestPlatform.MSTestAdapter.PlatformServices.resources</ModuleName>
      <Classes />
    </Module>
    <Module skippedDueTo="Filter" hash="BD-AA-98-D1-2F-9E-16-9B-76-C0-18-3F-75-1F-ED-F8-82-EE-6F-F8">
      <ModulePath>C:\WINDOWS\Microsoft.Net\assembly\GAC_MSIL\System.Threading.Tasks\v4.0_4.0.0.0__b03f5f7f11d50a3a\System.Threading.Tasks.dll</ModulePath>
      <ModuleTime>2024-04-01T07:22:28.0442316Z</ModuleTime>
      <ModuleName>System.Threading.Tasks</ModuleName>
      <Classes />
    </Module>
    <Module skippedDueTo="Filter" hash="23-2C-A8-59-9F-86-39-67-FD-8F-83-22-F3-78-AB-BD-26-D1-58-97">
      <ModulePath>C:\WINDOWS\Microsoft.Net\assembly\GAC_MSIL\System.Collections.Concurrent\v4.0_4.0.0.0__b03f5f7f11d50a3a\System.Collections.Concurrent.dll</ModulePath>
      <ModuleTime>2024-04-01T07:22:28.0129901Z</ModuleTime>
      <ModuleName>System.Collections.Concurrent</ModuleName>
      <Classes />
    </Module>
    <Module skippedDueTo="Filter" hash="B5-E4-5B-E0-47-C1-A8-65-EF-E8-CD-77-79-E5-90-26-80-87-F2-3C">
      <ModulePath>C:\Program Files\Microsoft Visual Studio\2022\Community\Common7\IDE\Extensions\TestPlatform\Microsoft.TestPlatform.PlatformAbstractions.dll</ModulePath>
      <ModuleTime>2023-10-29T07:12:05.5562042Z</ModuleTime>
      <ModuleName>Microsoft.TestPlatform.PlatformAbstractions</ModuleName>
      <Classes />
    </Module>
    <Module skippedDueTo="Filter" hash="C7-D2-62-4A-FF-1F-91-64-1C-F2-BB-0F-AE-0C-EB-10-90-97-CA-6C">
      <ModulePath>C:\Users\alisa\source\repos\UchetRashodov\UnitTestProject\bin\Debug\Microsoft.VisualStudio.TestPlatform.MSTestAdapter.PlatformServices.dll</ModulePath>
      <ModuleTime>2022-04-26T13:50:58Z</ModuleTime>
      <ModuleName>Microsoft.VisualStudio.TestPlatform.MSTestAdapter.PlatformServices</ModuleName>
      <Classes />
    </Module>
    <Module skippedDueTo="Filter" hash="03-4E-12-55-3A-B0-24-84-50-16-CE-46-17-E3-51-72-8E-32-55-C6">
      <ModulePath>C:\Program Files\Microsoft Visual Studio\2022\Community\Common7\IDE\Extensions\TestPlatform\Microsoft.TestPlatform.CoreUtilities.dll</ModulePath>
      <ModuleTime>2023-10-29T07:12:05.5562042Z</ModuleTime>
      <ModuleName>Microsoft.TestPlatform.CoreUtilities</ModuleName>
      <Classes />
    </Module>
    <Module skippedDueTo="Filter" hash="E2-67-5E-96-2C-96-B5-86-40-49-11-C8-24-AC-0D-C7-53-65-3E-C9">
      <ModulePath>C:\Users\alisa\source\repos\UchetRashodov\UnitTestProject\bin\Debug\UnitTestProject.dll</ModulePath>
      <ModuleTime>2025-05-24T06:43:22.584875Z</ModuleTime>
      <ModuleName>UnitTestProject</ModuleName>
      <Classes />
    </Module>
    <Module skippedDueTo="Filter" hash="B5-E4-5B-E0-47-C1-A8-65-EF-E8-CD-77-79-E5-90-26-80-87-F2-3C">
      <ModulePath>C:\Program Files\Microsoft Visual Studio\2022\Community\Common7\IDE\Extensions\TestPlatform\Microsoft.TestPlatform.PlatformAbstractions.dll</ModulePath>
      <ModuleTime>2023-10-29T07:12:05.5562042Z</ModuleTime>
      <ModuleName>Microsoft.TestPlatform.PlatformAbstractions</ModuleName>
      <Classes />
    </Module>
    <Module skippedDueTo="Filter" hash="C7-D2-62-4A-FF-1F-91-64-1C-F2-BB-0F-AE-0C-EB-10-90-97-CA-6C">
      <ModulePath>C:\Users\alisa\source\repos\UchetRashodov\UnitTestProject\bin\Debug\Microsoft.VisualStudio.TestPlatform.MSTestAdapter.PlatformServices.dll</ModulePath>
      <ModuleTime>2022-04-26T13:50:58Z</ModuleTime>
      <ModuleName>Microsoft.VisualStudio.TestPlatform.MSTestAdapter.PlatformServices</ModuleName>
      <Classes />
    </Module>
    <Module skippedDueTo="Filter" hash="5B-F6-A8-02-7D-E7-5F-D5-C2-8C-B7-BF-4B-5B-E3-D3-08-7A-3E-48">
      <ModulePath>C:\WINDOWS\Microsoft.Net\assembly\GAC_MSIL\System\v4.0_4.0.0.0__b77a5c561934e089\System.dll</ModulePath>
      <ModuleTime>2024-12-06T16:20:09.851195Z</ModuleTime>
      <ModuleName>System</ModuleName>
      <Classes />
    </Module>
    <Module skippedDueTo="Filter" hash="C5-31-0F-EA-57-60-85-11-17-EC-68-B6-63-63-F6-5D-5F-AE-06-A3">
      <ModulePath>C:\Users\alisa\source\repos\UchetRashodov\UnitTestProject\bin\Debug\Microsoft.VisualStudio.TestPlatform.MSTest.TestAdapter.dll</ModulePath>
      <ModuleTime>2022-04-26T13:53:30Z</ModuleTime>
      <ModuleName>Microsoft.VisualStudio.TestPlatform.MSTest.TestAdapter</ModuleName>
      <Classes />
    </Module>
    <Module skippedDueTo="Filter" hash="0F-55-88-6F-96-AE-04-6F-7B-86-44-1A-0F-AC-4D-AE-48-02-18-4A">
      <ModulePath>C:\WINDOWS\Microsoft.Net\assembly\GAC_MSIL\System.Runtime\v4.0_4.0.0.0__b03f5f7f11d50a3a\System.Runtime.dll</ModulePath>
      <ModuleTime>2024-04-01T07:22:27.9817393Z</ModuleTime>
      <ModuleName>System.Runtime</ModuleName>
      <Classes />
    </Module>
    <Module skippedDueTo="Filter" hash="E1-86-8F-03-63-8B-3B-94-02-7A-FE-2C-4F-1C-DA-84-D3-9C-10-54">
      <ModulePath>C:\Users\alisa\source\repos\UchetRashodov\UnitTestProject\bin\Debug\Microsoft.VisualStudio.TestPlatform.TestFramework.dll</ModulePath>
      <ModuleTime>2022-04-26T13:51:04Z</ModuleTime>
      <ModuleName>Microsoft.VisualStudio.TestPlatform.TestFramework</ModuleName>
      <Classes />
    </Module>
    <Module skippedDueTo="Filter" hash="03-5B-80-FF-39-FA-4C-0B-8B-2A-B9-85-A5-7D-E9-25-58-E1-D4-B4">
      <ModulePath>C:\WINDOWS\Microsoft.Net\assembly\GAC_MSIL\System.Collections\v4.0_4.0.0.0__b03f5f7f11d50a3a\System.Collections.dll</ModulePath>
      <ModuleTime>2024-04-01T07:22:28.8411157Z</ModuleTime>
      <ModuleName>System.Collections</ModuleName>
      <Classes />
    </Module>
    <Module skippedDueTo="Filter" hash="F3-22-CA-B2-89-EA-80-64-5C-5B-45-49-39-8B-64-5E-67-BB-38-4B">
      <ModulePath>C:\WINDOWS\Microsoft.Net\assembly\GAC_MSIL\System.Reflection\v4.0_4.0.0.0__b03f5f7f11d50a3a\System.Reflection.dll</ModulePath>
      <ModuleTime>2024-04-01T07:22:28.3098557Z</ModuleTime>
      <ModuleName>System.Reflection</ModuleName>
      <Classes />
    </Module>
    <Module skippedDueTo="Filter" hash="23-2C-A8-59-9F-86-39-67-FD-8F-83-22-F3-78-AB-BD-26-D1-58-97">
      <ModulePath>C:\WINDOWS\Microsoft.Net\assembly\GAC_MSIL\System.Collections.Concurrent\v4.0_4.0.0.0__b03f5f7f11d50a3a\System.Collections.Concurrent.dll</ModulePath>
      <ModuleTime>2024-04-01T07:22:28.0129901Z</ModuleTime>
      <ModuleName>System.Collections.Concurrent</ModuleName>
      <Classes />
    </Module>
    <Module skippedDueTo="Filter" hash="2E-B4-73-F0-82-8F-5E-18-13-F8-FA-B8-61-C5-4E-20-F7-04-B6-F3">
      <ModulePath>C:\WINDOWS\Microsoft.Net\assembly\GAC_MSIL\System.Runtime.Extensions\v4.0_4.0.0.0__b03f5f7f11d50a3a\System.Runtime.Extensions.dll</ModulePath>
      <ModuleTime>2024-04-01T07:22:28.4973692Z</ModuleTime>
      <ModuleName>System.Runtime.Extensions</ModuleName>
      <Classes />
    </Module>
    <Module skippedDueTo="Filter" hash="58-26-19-5D-19-5B-A3-31-7B-22-FB-72-6E-60-23-1E-80-05-71-EC">
      <ModulePath>C:\Users\alisa\source\repos\UchetRashodov\UnitTestProject\bin\Debug\Microsoft.VisualStudio.TestPlatform.MSTestAdapter.PlatformServices.Interface.dll</ModulePath>
      <ModuleTime>2022-04-26T13:49:26Z</ModuleTime>
      <ModuleName>Microsoft.VisualStudio.TestPlatform.MSTestAdapter.PlatformServices.Interface</ModuleName>
      <Classes />
    </Module>
    <Module skippedDueTo="Filter" hash="E2-67-5E-96-2C-96-B5-86-40-49-11-C8-24-AC-0D-C7-53-65-3E-C9">
      <ModulePath>C:\Users\alisa\source\repos\UchetRashodov\UnitTestProject\bin\Debug\UnitTestProject.dll</ModulePath>
      <ModuleTime>2025-05-24T06:43:22.584875Z</ModuleTime>
      <ModuleName>UnitTestProject</ModuleName>
      <Classes />
    </Module>
    <Module skippedDueTo="Filter" hash="3A-CF-7F-94-B9-9B-DA-10-01-57-A8-00-44-23-66-F2-BC-19-E1-0B">
      <ModulePath>C:\WINDOWS\Microsoft.Net\assembly\GAC_MSIL\System.Linq\v4.0_4.0.0.0__b03f5f7f11d50a3a\System.Linq.dll</ModulePath>
      <ModuleTime>2024-04-01T07:22:28.3411127Z</ModuleTime>
      <ModuleName>System.Linq</ModuleName>
      <Classes />
    </Module>
    <Module skippedDueTo="Filter" hash="92-2F-49-D8-E6-16-0A-07-B4-AE-68-68-8B-C9-F1-3F-F5-6B-62-63">
      <ModulePath>C:\WINDOWS\Microsoft.Net\assembly\GAC_MSIL\System.Core\v4.0_4.0.0.0__b77a5c561934e089\System.Core.dll</ModulePath>
      <ModuleTime>2024-12-11T04:23:55.2760867Z</ModuleTime>
      <ModuleName>System.Core</ModuleName>
      <Classes />
    </Module>
    <Module skippedDueTo="Filter" hash="CA-CD-0A-96-17-65-6D-82-10-A6-4F-28-E8-D9-E7-DF-B0-DC-17-C8">
      <ModulePath>C:\WINDOWS\Microsoft.Net\assembly\GAC_MSIL\System.Globalization\v4.0_4.0.0.0__b03f5f7f11d50a3a\System.Globalization.dll</ModulePath>
      <ModuleTime>2024-04-01T07:22:28.3567315Z</ModuleTime>
      <ModuleName>System.Globalization</ModuleName>
      <Classes />
    </Module>
    <Module skippedDueTo="Filter" hash="40-8C-5E-02-97-2A-F3-37-AD-07-CC-FF-5A-59-CF-A8-F1-62-71-FC">
      <ModulePath>C:\WINDOWS\Microsoft.Net\assembly\GAC_MSIL\System.IO\v4.0_4.0.0.0__b03f5f7f11d50a3a\System.IO.dll</ModulePath>
      <ModuleTime>2024-04-01T07:22:28.0286234Z</ModuleTime>
      <ModuleName>System.IO</ModuleName>
      <Classes />
    </Module>
    <Module skippedDueTo="Filter" hash="7C-12-87-FB-75-CF-86-3B-F6-1D-31-5A-5D-C6-AC-21-BC-22-45-84">
      <ModulePath>C:\Users\alisa\source\repos\UchetRashodov\UnitTestProject\bin\Debug\Microsoft.VisualStudio.TestPlatform.TestFramework.Extensions.dll</ModulePath>
      <ModuleTime>2022-04-26T13:52:24Z</ModuleTime>
      <ModuleName>Microsoft.VisualStudio.TestPlatform.TestFramework.Extensions</ModuleName>
      <Classes />
    </Module>
    <Module skippedDueTo="Filter" hash="92-E3-29-50-04-DD-80-04-AF-F7-2B-CB-4B-E8-1A-4F-92-EF-6C-94">
      <ModulePath>C:\WINDOWS\Microsoft.Net\assembly\GAC_64\System.Data\v4.0_4.0.0.0__b77a5c561934e089\System.Data.dll</ModulePath>
      <ModuleTime>2024-12-06T16:20:08.2609812Z</ModuleTime>
      <ModuleName>System.Data</ModuleName>
      <Classes />
    </Module>
    <Module skippedDueTo="Filter" hash="DE-75-19-62-B1-59-C8-83-DD-10-ED-25-7F-CB-2D-94-0E-F3-4F-1B">
      <ModulePath>C:\WINDOWS\Microsoft.Net\assembly\GAC_MSIL\System.Reflection.Extensions\v4.0_4.0.0.0__b03f5f7f11d50a3a\System.Reflection.Extensions.dll</ModulePath>
      <ModuleTime>2024-04-01T07:22:28.606731Z</ModuleTime>
      <ModuleName>System.Reflection.Extensions</ModuleName>
      <Classes />
    </Module>
    <Module skippedDueTo="Filter" hash="BB-EB-48-63-BE-79-C7-BC-18-E6-F9-B3-43-66-FB-1D-95-A0-01-19">
      <ModulePath>C:\WINDOWS\Microsoft.Net\assembly\GAC_MSIL\System.Threading\v4.0_4.0.0.0__b03f5f7f11d50a3a\System.Threading.dll</ModulePath>
      <ModuleTime>2024-04-01T07:22:28.0599665Z</ModuleTime>
      <ModuleName>System.Threading</ModuleName>
      <Classes />
    </Module>
    <Module skippedDueTo="Filter" hash="BD-AA-98-D1-2F-9E-16-9B-76-C0-18-3F-75-1F-ED-F8-82-EE-6F-F8">
      <ModulePath>C:\WINDOWS\Microsoft.Net\assembly\GAC_MSIL\System.Threading.Tasks\v4.0_4.0.0.0__b03f5f7f11d50a3a\System.Threading.Tasks.dll</ModulePath>
      <ModuleTime>2024-04-01T07:22:28.0442316Z</ModuleTime>
      <ModuleName>System.Threading.Tasks</ModuleName>
      <Classes />
    </Module>
    <Module skippedDueTo="Filter" hash="A4-F3-A6-A3-B7-C5-D3-71-47-4F-BB-9A-4D-51-F0-E7-5E-CC-09-27">
      <ModulePath>C:\Users\alisa\source\repos\UchetRashodov\UnitTestProject\bin\Debug\Microsoft.TestPlatform.AdapterUtilities.dll</ModulePath>
      <ModuleTime>2022-02-16T03:03:38Z</ModuleTime>
      <ModuleName>Microsoft.TestPlatform.AdapterUtilities</ModuleName>
      <Classes />
    </Module>
    <Module skippedDueTo="Filter" hash="BC-AA-30-9D-52-79-68-B0-D7-E6-57-4B-26-E2-0A-95-B9-3C-72-72">
      <ModulePath>C:\WINDOWS\Microsoft.Net\assembly\GAC_MSIL\System.Configuration\v4.0_4.0.0.0__b03f5f7f11d50a3a\System.Configuration.dll</ModulePath>
      <ModuleTime>2024-04-01T07:22:28.1692435Z</ModuleTime>
      <ModuleName>System.Configuration</ModuleName>
      <Classes />
    </Module>
    <Module skippedDueTo="Filter" hash="40-86-A7-35-49-A2-89-9C-74-37-DA-95-1B-1C-A2-B4-EC-72-DB-9B">
      <ModulePath>C:\WINDOWS\Microsoft.Net\assembly\GAC_MSIL\System.Xml\v4.0_4.0.0.0__b77a5c561934e089\System.Xml.dll</ModulePath>
      <ModuleTime>2024-04-01T07:22:28.7005Z</ModuleTime>
      <ModuleName>System.Xml</ModuleName>
      <Classes />
    </Module>
    <Module hash="22-28-41-07-33-92-03-4F-43-D7-DD-1C-4F-1E-00-5C-73-D0-35-96">
      <Summary numSequencePoints="290" visitedSequencePoints="202" numBranchPoints="59" visitedBranchPoints="37" sequenceCoverage="69.66" branchCoverage="62.71" maxCyclomaticComplexity="6" minCyclomaticComplexity="1" maxCrapScore="20" minCrapScore="1" visitedClasses="1" numClasses="2" visitedMethods="18" numMethods="31" />
      <ModulePath>C:\Users\alisa\source\repos\UchetRashodov\UnitTestProject\bin\Debug\BusinessLogic.dll</ModulePath>
      <ModuleTime>2025-05-23T14:45:14.5784094Z</ModuleTime>
      <ModuleName>BusinessLogic</ModuleName>
      <Files>
        <File uid="1" fullPath="C:\Users\alisa\source\repos\UchetRashodov\BusinessLogic\AccessDbManager.cs" />
        <File uid="2" fullPath="C:\Users\alisa\source\repos\UchetRashodov\BusinessLogic\FacadeBase.cs" />
      </Files>
      <Classes>
        <Class>
          <Summary numSequencePoints="0" visitedSequencePoints="0" numBranchPoints="0" visitedBranchPoints="0" sequenceCoverage="0" branchCoverage="0" maxCyclomaticComplexity="0" minCyclomaticComplexity="0" maxCrapScore="0" minCrapScore="0" visitedClasses="0" numClasses="0" visitedMethods="0" numMethods="0" />
          <FullName>&lt;Module&gt;</FullName>
          <Methods />
        </Class>
        <Class>
          <Summary numSequencePoints="259" visitedSequencePoints="202" numBranchPoints="49" visitedBranchPoints="37" sequenceCoverage="77.99" branchCoverage="75.51" maxCyclomaticComplexity="6" minCyclomaticComplexity="1" maxCrapScore="20" minCrapScore="1" visitedClasses="1" numClasses="1" visitedMethods="18" numMethods="21" />
          <FullName>BusinessLogic.AccessDbManager</FullName>
          <Methods>
            <Method visited="true" cyclomaticComplexity="1" nPathComplexity="0" sequenceCoverage="100" branchCoverage="100" crapScore="1" isConstructor="true" isStatic="false" isGetter="false" isSetter="false">
              <Summary numSequencePoints="4" visitedSequencePoints="4" numBranchPoints="1" visitedBranchPoints="1" sequenceCoverage="100" branchCoverage="100" maxCyclomaticComplexity="1" minCyclomaticComplexity="1" maxCrapScore="1" minCrapScore="1" visitedClasses="0" numClasses="0" visitedMethods="1" numMethods="1" />
              <MetadataToken>100663297</MetadataToken>
              <Name>System.Void BusinessLogic.AccessDbManager::.ctor()</Name>
              <FileRef uid="1" />
              <SequencePoints>
                <SequencePoint vc="13" uspid="1" ordinal="0" offset="0" sl="17" sc="9" el="17" ec="33" bec="0" bev="0" fileid="1" />
                <SequencePoint vc="13" uspid="2" ordinal="1" offset="7" sl="18" sc="9" el="18" ec="10" bec="0" bev="0" fileid="1" />
                <SequencePoint vc="13" uspid="3" ordinal="2" offset="8" sl="19" sc="13" el="20" ec="73" bec="0" bev="0" fileid="1" />
                <SequencePoint vc="13" uspid="4" ordinal="3" offset="34" sl="22" sc="9" el="22" ec="10" bec="0" bev="0" fileid="1" />
              </SequencePoints>
              <BranchPoints />
              <MethodPoint xsi:type="SequencePoint" vc="13" uspid="1" ordinal="0" offset="0" sl="17" sc="9" el="17" ec="33" bec="0" bev="0" fileid="1" />
            </Method>
            <Method visited="true" cyclomaticComplexity="4" nPathComplexity="2" sequenceCoverage="82.35" branchCoverage="66.67" crapScore="4.09" isConstructor="false" isStatic="false" isGetter="false" isSetter="false">
              <Summary numSequencePoints="17" visitedSequencePoints="14" numBranchPoints="3" visitedBranchPoints="2" sequenceCoverage="82.35" branchCoverage="66.67" maxCyclomaticComplexity="4" minCyclomaticComplexity="4" maxCrapScore="4.09" minCrapScore="4.09" visitedClasses="0" numClasses="0" visitedMethods="1" numMethods="1" />
              <MetadataToken>100663298</MetadataToken>
              <Name>System.ValueTuple`3&lt;System.String,System.Int32,System.Int32&gt; BusinessLogic.AccessDbManager::TryLoginAndGetUserInfo(System.String,System.String)</Name>
              <FileRef uid="1" />
              <SequencePoints>
                <SequencePoint vc="1" uspid="5" ordinal="0" offset="0" sl="25" sc="9" el="25" ec="10" bec="0" bev="0" fileid="1" />
                <SequencePoint vc="1" uspid="6" ordinal="1" offset="1" sl="26" sc="13" el="26" ec="116" bec="0" bev="0" fileid="1" />
                <SequencePoint vc="1" uspid="7" ordinal="2" offset="7" sl="27" sc="20" el="27" ec="75" bec="0" bev="0" fileid="1" />
                <SequencePoint vc="1" uspid="8" ordinal="3" offset="19" sl="28" sc="13" el="28" ec="14" bec="0" bev="0" fileid="1" />
                <SequencePoint vc="1" uspid="9" ordinal="4" offset="20" sl="29" sc="17" el="29" ec="76" bec="0" bev="0" fileid="1" />
                <SequencePoint vc="1" uspid="10" ordinal="5" offset="28" sl="30" sc="17" el="30" ec="61" bec="0" bev="0" fileid="1" />
                <SequencePoint vc="1" uspid="11" ordinal="6" offset="46" sl="31" sc="17" el="31" ec="64" bec="0" bev="0" fileid="1" />
                <SequencePoint vc="1" uspid="12" ordinal="7" offset="64" sl="33" sc="17" el="33" ec="35" bec="0" bev="0" fileid="1" />
                <SequencePoint vc="1" uspid="13" ordinal="8" offset="71" sl="34" sc="24" el="34" ec="60" bec="0" bev="0" fileid="1" />
                <SequencePoint vc="1" uspid="14" ordinal="9" offset="78" sl="35" sc="17" el="35" ec="18" bec="0" bev="0" fileid="1" />
                <SequencePoint vc="1" uspid="15" ordinal="10" offset="79" sl="36" sc="21" el="36" ec="39" bec="2" bev="1" fileid="1" />
                <SequencePoint vc="1" uspid="16" ordinal="11" offset="91" sl="37" sc="21" el="37" ec="22" bec="0" bev="0" fileid="1" />
                <SequencePoint vc="1" uspid="17" ordinal="12" offset="92" sl="38" sc="25" el="38" ec="142" bec="0" bev="0" fileid="1" />
                <SequencePoint vc="0" uspid="18" ordinal="13" offset="149" sl="40" sc="17" el="40" ec="18" bec="0" bev="0" fileid="1" />
                <SequencePoint vc="0" uspid="19" ordinal="14" offset="163" sl="41" sc="13" el="41" ec="14" bec="0" bev="0" fileid="1" />
                <SequencePoint vc="0" uspid="20" ordinal="15" offset="177" sl="43" sc="13" el="43" ec="33" bec="0" bev="0" fileid="1" />
                <SequencePoint vc="1" uspid="21" ordinal="16" offset="189" sl="44" sc="9" el="44" ec="10" bec="0" bev="0" fileid="1" />
              </SequencePoints>
              <BranchPoints>
                <BranchPoint vc="1" uspid="22" ordinal="0" offset="89" sl="36" path="0" offsetend="91" fileid="1" />
                <BranchPoint vc="0" uspid="23" ordinal="1" offset="89" sl="36" path="1" offsetend="149" fileid="1" />
              </BranchPoints>
              <MethodPoint xsi:type="SequencePoint" vc="1" uspid="5" ordinal="0" offset="0" sl="25" sc="9" el="25" ec="10" bec="0" bev="0" fileid="1" />
            </Method>
            <Method visited="true" cyclomaticComplexity="6" nPathComplexity="16" sequenceCoverage="100" branchCoverage="100" crapScore="6" isConstructor="false" isStatic="false" isGetter="false" isSetter="false">
              <Summary numSequencePoints="23" visitedSequencePoints="23" numBranchPoints="9" visitedBranchPoints="9" sequenceCoverage="100" branchCoverage="100" maxCyclomaticComplexity="6" minCyclomaticComplexity="6" maxCrapScore="6" minCrapScore="6" visitedClasses="0" numClasses="0" visitedMethods="1" numMethods="1" />
              <MetadataToken>100663299</MetadataToken>
              <Name>System.Void BusinessLogic.AccessDbManager::CreateExpense(Model.Expense)</Name>
              <FileRef uid="1" />
              <SequencePoints>
                <SequencePoint vc="5" uspid="24" ordinal="0" offset="0" sl="48" sc="9" el="48" ec="10" bec="0" bev="0" fileid="1" />
                <SequencePoint vc="5" uspid="25" ordinal="1" offset="1" sl="49" sc="13" el="49" ec="33" bec="2" bev="2" fileid="1" />
                <SequencePoint vc="1" uspid="26" ordinal="2" offset="9" sl="50" sc="17" el="50" ec="66" bec="0" bev="0" fileid="1" />
                <SequencePoint vc="4" uspid="27" ordinal="3" offset="20" sl="52" sc="13" el="52" ec="37" bec="2" bev="2" fileid="1" />
                <SequencePoint vc="1" uspid="28" ordinal="4" offset="40" sl="53" sc="17" el="53" ec="79" bec="0" bev="0" fileid="1" />
                <SequencePoint vc="3" uspid="29" ordinal="5" offset="51" sl="55" sc="13" el="55" ec="64" bec="2" bev="2" fileid="1" />
                <SequencePoint vc="1" uspid="30" ordinal="6" offset="66" sl="56" sc="17" el="56" ec="79" bec="0" bev="0" fileid="1" />
                <SequencePoint vc="2" uspid="31" ordinal="7" offset="77" sl="58" sc="13" el="58" ec="41" bec="2" bev="2" fileid="1" />
                <SequencePoint vc="1" uspid="32" ordinal="8" offset="93" sl="59" sc="17" el="59" ec="93" bec="0" bev="0" fileid="1" />
                <SequencePoint vc="1" uspid="33" ordinal="9" offset="104" sl="61" sc="20" el="61" ec="75" bec="0" bev="0" fileid="1" />
                <SequencePoint vc="1" uspid="34" ordinal="10" offset="117" sl="62" sc="13" el="62" ec="14" bec="0" bev="0" fileid="1" />
                <SequencePoint vc="1" uspid="35" ordinal="11" offset="118" sl="63" sc="17" el="63" ec="35" bec="0" bev="0" fileid="1" />
                <SequencePoint vc="1" uspid="36" ordinal="12" offset="126" sl="64" sc="17" el="66" ec="58" bec="0" bev="0" fileid="1" />
                <SequencePoint vc="1" uspid="37" ordinal="13" offset="140" sl="68" sc="17" el="68" ec="74" bec="0" bev="0" fileid="1" />
                <SequencePoint vc="1" uspid="38" ordinal="14" offset="169" sl="69" sc="17" el="69" ec="74" bec="0" bev="0" fileid="1" />
                <SequencePoint vc="1" uspid="39" ordinal="15" offset="198" sl="70" sc="17" el="70" ec="68" bec="0" bev="0" fileid="1" />
                <SequencePoint vc="1" uspid="40" ordinal="16" offset="227" sl="71" sc="17" el="71" ec="70" bec="0" bev="0" fileid="1" />
                <SequencePoint vc="1" uspid="41" ordinal="17" offset="256" sl="72" sc="17" el="72" ec="74" bec="0" bev="0" fileid="1" />
                <SequencePoint vc="1" uspid="42" ordinal="18" offset="285" sl="73" sc="17" el="73" ec="75" bec="0" bev="0" fileid="1" />
                <SequencePoint vc="1" uspid="43" ordinal="19" offset="309" sl="74" sc="17" el="74" ec="70" bec="0" bev="0" fileid="1" />
                <SequencePoint vc="1" uspid="44" ordinal="20" offset="333" sl="76" sc="17" el="76" ec="43" bec="0" bev="0" fileid="1" />
                <SequencePoint vc="1" uspid="45" ordinal="21" offset="341" sl="77" sc="13" el="77" ec="14" bec="0" bev="0" fileid="1" />
                <SequencePoint vc="1" uspid="46" ordinal="22" offset="357" sl="78" sc="9" el="78" ec="10" bec="0" bev="0" fileid="1" />
              </SequencePoints>
              <BranchPoints>
                <BranchPoint vc="1" uspid="47" ordinal="0" offset="7" sl="49" path="0" offsetend="9" fileid="1" />
                <BranchPoint vc="4" uspid="48" ordinal="1" offset="7" sl="49" path="1" offsetend="20" fileid="1" />
                <BranchPoint vc="1" uspid="49" ordinal="2" offset="38" sl="52" path="0" offsetend="40" fileid="1" />
                <BranchPoint vc="3" uspid="50" ordinal="3" offset="38" sl="52" path="1" offsetend="51" fileid="1" />
                <BranchPoint vc="1" uspid="51" ordinal="4" offset="64" sl="55" path="0" offsetend="66" fileid="1" />
                <BranchPoint vc="2" uspid="52" ordinal="5" offset="64" sl="55" path="1" offsetend="77" fileid="1" />
                <BranchPoint vc="1" uspid="53" ordinal="6" offset="91" sl="58" path="0" offsetend="93" fileid="1" />
                <BranchPoint vc="1" uspid="54" ordinal="7" offset="91" sl="58" path="1" offsetend="104" fileid="1" />
              </BranchPoints>
              <MethodPoint xsi:type="SequencePoint" vc="5" uspid="24" ordinal="0" offset="0" sl="48" sc="9" el="48" ec="10" bec="0" bev="0" fileid="1" />
            </Method>
            <Method visited="true" cyclomaticComplexity="4" nPathComplexity="0" sequenceCoverage="100" branchCoverage="100" crapScore="4" isConstructor="false" isStatic="false" isGetter="false" isSetter="false">
              <Summary numSequencePoints="17" visitedSequencePoints="17" numBranchPoints="1" visitedBranchPoints="1" sequenceCoverage="100" branchCoverage="100" maxCyclomaticComplexity="4" minCyclomaticComplexity="4" maxCrapScore="4" minCrapScore="4" visitedClasses="0" numClasses="0" visitedMethods="1" numMethods="1" />
              <MetadataToken>100663300</MetadataToken>
              <Name>System.Collections.Generic.List`1&lt;Model.ExpenseCategory&gt; BusinessLogic.AccessDbManager::LoadExpensesCategories()</Name>
              <FileRef uid="1" />
              <SequencePoints>
                <SequencePoint vc="1" uspid="55" ordinal="0" offset="0" sl="82" sc="9" el="82" ec="10" bec="0" bev="0" fileid="1" />
                <SequencePoint vc="1" uspid="56" ordinal="1" offset="1" sl="83" sc="13" el="83" ec="76" bec="0" bev="0" fileid="1" />
                <SequencePoint vc="1" uspid="57" ordinal="2" offset="7" sl="85" sc="20" el="85" ec="87" bec="0" bev="0" fileid="1" />
                <SequencePoint vc="1" uspid="58" ordinal="3" offset="19" sl="86" sc="13" el="86" ec="14" bec="0" bev="0" fileid="1" />
                <SequencePoint vc="1" uspid="59" ordinal="4" offset="20" sl="87" sc="17" el="87" ec="97" bec="0" bev="0" fileid="1" />
                <SequencePoint vc="1" uspid="60" ordinal="5" offset="26" sl="89" sc="17" el="89" ec="76" bec="0" bev="0" fileid="1" />
                <SequencePoint vc="1" uspid="61" ordinal="6" offset="34" sl="91" sc="17" el="91" ec="35" bec="0" bev="0" fileid="1" />
                <SequencePoint vc="1" uspid="62" ordinal="7" offset="41" sl="92" sc="24" el="92" ec="72" bec="0" bev="0" fileid="1" />
                <SequencePoint vc="1" uspid="63" ordinal="8" offset="49" sl="93" sc="17" el="93" ec="18" bec="0" bev="0" fileid="1" />
                <SequencePoint vc="6" uspid="64" ordinal="9" offset="52" sl="95" sc="21" el="95" ec="22" bec="0" bev="0" fileid="1" />
                <SequencePoint vc="6" uspid="65" ordinal="10" offset="53" sl="96" sc="25" el="100" ec="28" bec="0" bev="0" fileid="1" />
                <SequencePoint vc="6" uspid="66" ordinal="11" offset="113" sl="101" sc="21" el="101" ec="22" bec="0" bev="0" fileid="1" />
                <SequencePoint vc="7" uspid="67" ordinal="12" offset="114" sl="94" sc="21" el="94" ec="42" bec="0" bev="0" fileid="1" />
                <SequencePoint vc="1" uspid="68" ordinal="13" offset="127" sl="102" sc="17" el="102" ec="18" bec="0" bev="0" fileid="1" />
                <SequencePoint vc="1" uspid="69" ordinal="14" offset="143" sl="103" sc="13" el="103" ec="14" bec="0" bev="0" fileid="1" />
                <SequencePoint vc="1" uspid="70" ordinal="15" offset="157" sl="105" sc="13" el="105" ec="31" bec="0" bev="0" fileid="1" />
                <SequencePoint vc="1" uspid="71" ordinal="16" offset="162" sl="106" sc="9" el="106" ec="10" bec="0" bev="0" fileid="1" />
              </SequencePoints>
              <BranchPoints />
              <MethodPoint xsi:type="SequencePoint" vc="1" uspid="55" ordinal="0" offset="0" sl="82" sc="9" el="82" ec="10" bec="0" bev="0" fileid="1" />
            </Method>
            <Method visited="false" cyclomaticComplexity="4" nPathComplexity="0" sequenceCoverage="0" branchCoverage="0" crapScore="20" isConstructor="false" isStatic="false" isGetter="false" isSetter="false">
              <Summary numSequencePoints="16" visitedSequencePoints="0" numBranchPoints="1" visitedBranchPoints="0" sequenceCoverage="0" branchCoverage="0" maxCyclomaticComplexity="4" minCyclomaticComplexity="4" maxCrapScore="20" minCrapScore="20" visitedClasses="0" numClasses="0" visitedMethods="0" numMethods="1" />
              <MetadataToken>100663301</MetadataToken>
              <Name>System.Collections.Generic.List`1&lt;Model.Expense&gt; BusinessLogic.AccessDbManager::GetAllExpenses()</Name>
              <FileRef uid="1" />
              <SequencePoints>
                <SequencePoint vc="0" uspid="72" ordinal="0" offset="0" sl="111" sc="9" el="111" ec="10" bec="0" bev="0" fileid="1" />
                <SequencePoint vc="0" uspid="73" ordinal="1" offset="1" sl="112" sc="13" el="112" ec="48" bec="0" bev="0" fileid="1" />
                <SequencePoint vc="0" uspid="74" ordinal="2" offset="7" sl="114" sc="20" el="114" ec="75" bec="0" bev="0" fileid="1" />
                <SequencePoint vc="0" uspid="75" ordinal="3" offset="19" sl="115" sc="13" el="115" ec="14" bec="0" bev="0" fileid="1" />
                <SequencePoint vc="0" uspid="76" ordinal="4" offset="20" sl="116" sc="17" el="116" ec="35" bec="0" bev="0" fileid="1" />
                <SequencePoint vc="0" uspid="77" ordinal="5" offset="27" sl="117" sc="17" el="117" ec="85" bec="0" bev="0" fileid="1" />
                <SequencePoint vc="0" uspid="78" ordinal="6" offset="39" sl="118" sc="24" el="118" ec="60" bec="0" bev="0" fileid="1" />
                <SequencePoint vc="0" uspid="79" ordinal="7" offset="46" sl="119" sc="17" el="119" ec="18" bec="0" bev="0" fileid="1" />
                <SequencePoint vc="0" uspid="80" ordinal="8" offset="49" sl="121" sc="21" el="121" ec="22" bec="0" bev="0" fileid="1" />
                <SequencePoint vc="0" uspid="81" ordinal="9" offset="50" sl="122" sc="25" el="122" ec="59" bec="0" bev="0" fileid="1" />
                <SequencePoint vc="0" uspid="82" ordinal="10" offset="64" sl="123" sc="21" el="123" ec="22" bec="0" bev="0" fileid="1" />
                <SequencePoint vc="0" uspid="83" ordinal="11" offset="65" sl="120" sc="21" el="120" ec="42" bec="0" bev="0" fileid="1" />
                <SequencePoint vc="0" uspid="84" ordinal="12" offset="77" sl="124" sc="17" el="124" ec="18" bec="0" bev="0" fileid="1" />
                <SequencePoint vc="0" uspid="85" ordinal="13" offset="91" sl="125" sc="13" el="125" ec="14" bec="0" bev="0" fileid="1" />
                <SequencePoint vc="0" uspid="86" ordinal="14" offset="105" sl="127" sc="13" el="127" ec="29" bec="0" bev="0" fileid="1" />
                <SequencePoint vc="0" uspid="87" ordinal="15" offset="110" sl="128" sc="9" el="128" ec="10" bec="0" bev="0" fileid="1" />
              </SequencePoints>
              <BranchPoints />
              <MethodPoint xsi:type="SequencePoint" vc="0" uspid="72" ordinal="0" offset="0" sl="111" sc="9" el="111" ec="10" bec="0" bev="0" fileid="1" />
            </Method>
            <Method visited="false" cyclomaticComplexity="4" nPathComplexity="0" sequenceCoverage="0" branchCoverage="0" crapScore="20" isConstructor="false" isStatic="false" isGetter="false" isSetter="false">
              <Summary numSequencePoints="17" visitedSequencePoints="0" numBranchPoints="1" visitedBranchPoints="0" sequenceCoverage="0" branchCoverage="0" maxCyclomaticComplexity="4" minCyclomaticComplexity="4" maxCrapScore="20" minCrapScore="20" visitedClasses="0" numClasses="0" visitedMethods="0" numMethods="1" />
              <MetadataToken>100663302</MetadataToken>
              <Name>System.Collections.Generic.List`1&lt;Model.Expense&gt; BusinessLogic.AccessDbManager::LoadApprovedExpenses(System.String)</Name>
              <FileRef uid="1" />
              <SequencePoints>
                <SequencePoint vc="0" uspid="88" ordinal="0" offset="0" sl="131" sc="9" el="131" ec="10" bec="0" bev="0" fileid="1" />
                <SequencePoint vc="0" uspid="89" ordinal="1" offset="1" sl="132" sc="13" el="132" ec="48" bec="0" bev="0" fileid="1" />
                <SequencePoint vc="0" uspid="90" ordinal="2" offset="7" sl="134" sc="20" el="134" ec="75" bec="0" bev="0" fileid="1" />
                <SequencePoint vc="0" uspid="91" ordinal="3" offset="19" sl="135" sc="13" el="135" ec="14" bec="0" bev="0" fileid="1" />
                <SequencePoint vc="0" uspid="92" ordinal="4" offset="20" sl="136" sc="17" el="136" ec="35" bec="0" bev="0" fileid="1" />
                <SequencePoint vc="0" uspid="93" ordinal="5" offset="27" sl="137" sc="17" el="138" ec="107" bec="0" bev="0" fileid="1" />
                <SequencePoint vc="0" uspid="94" ordinal="6" offset="39" sl="139" sc="17" el="139" ec="74" bec="0" bev="0" fileid="1" />
                <SequencePoint vc="0" uspid="95" ordinal="7" offset="72" sl="141" sc="24" el="141" ec="60" bec="0" bev="0" fileid="1" />
                <SequencePoint vc="0" uspid="96" ordinal="8" offset="79" sl="142" sc="17" el="142" ec="18" bec="0" bev="0" fileid="1" />
                <SequencePoint vc="0" uspid="97" ordinal="9" offset="82" sl="144" sc="21" el="144" ec="22" bec="0" bev="0" fileid="1" />
                <SequencePoint vc="0" uspid="98" ordinal="10" offset="83" sl="145" sc="25" el="145" ec="59" bec="0" bev="0" fileid="1" />
                <SequencePoint vc="0" uspid="99" ordinal="11" offset="97" sl="146" sc="21" el="146" ec="22" bec="0" bev="0" fileid="1" />
                <SequencePoint vc="0" uspid="100" ordinal="12" offset="98" sl="143" sc="21" el="143" ec="42" bec="0" bev="0" fileid="1" />
                <SequencePoint vc="0" uspid="101" ordinal="13" offset="110" sl="147" sc="17" el="147" ec="18" bec="0" bev="0" fileid="1" />
                <SequencePoint vc="0" uspid="102" ordinal="14" offset="124" sl="148" sc="13" el="148" ec="14" bec="0" bev="0" fileid="1" />
                <SequencePoint vc="0" uspid="103" ordinal="15" offset="138" sl="150" sc="13" el="150" ec="29" bec="0" bev="0" fileid="1" />
                <SequencePoint vc="0" uspid="104" ordinal="16" offset="143" sl="151" sc="9" el="151" ec="10" bec="0" bev="0" fileid="1" />
              </SequencePoints>
              <BranchPoints />
              <MethodPoint xsi:type="SequencePoint" vc="0" uspid="88" ordinal="0" offset="0" sl="131" sc="9" el="131" ec="10" bec="0" bev="0" fileid="1" />
            </Method>
            <Method visited="false" cyclomaticComplexity="4" nPathComplexity="0" sequenceCoverage="0" branchCoverage="0" crapScore="20" isConstructor="false" isStatic="false" isGetter="false" isSetter="false">
              <Summary numSequencePoints="16" visitedSequencePoints="0" numBranchPoints="1" visitedBranchPoints="0" sequenceCoverage="0" branchCoverage="0" maxCyclomaticComplexity="4" minCyclomaticComplexity="4" maxCrapScore="20" minCrapScore="20" visitedClasses="0" numClasses="0" visitedMethods="0" numMethods="1" />
              <MetadataToken>100663303</MetadataToken>
              <Name>System.Collections.Generic.List`1&lt;Model.Expense&gt; BusinessLogic.AccessDbManager::LoadPendingExpenses()</Name>
              <FileRef uid="1" />
              <SequencePoints>
                <SequencePoint vc="0" uspid="105" ordinal="0" offset="0" sl="154" sc="9" el="154" ec="10" bec="0" bev="0" fileid="1" />
                <SequencePoint vc="0" uspid="106" ordinal="1" offset="1" sl="155" sc="13" el="155" ec="48" bec="0" bev="0" fileid="1" />
                <SequencePoint vc="0" uspid="107" ordinal="2" offset="7" sl="157" sc="20" el="157" ec="75" bec="0" bev="0" fileid="1" />
                <SequencePoint vc="0" uspid="108" ordinal="3" offset="19" sl="158" sc="13" el="158" ec="14" bec="0" bev="0" fileid="1" />
                <SequencePoint vc="0" uspid="109" ordinal="4" offset="20" sl="159" sc="17" el="159" ec="35" bec="0" bev="0" fileid="1" />
                <SequencePoint vc="0" uspid="110" ordinal="5" offset="27" sl="160" sc="17" el="161" ec="91" bec="0" bev="0" fileid="1" />
[...]
                <SequencePoint vc="1" uspid="286" ordinal="1" offset="1" sl="380" sc="13" el="390" ec="15" bec="0" bev="0" fileid="1" />
                <SequencePoint vc="1" uspid="287" ordinal="2" offset="193" sl="391" sc="9" el="391" ec="10" bec="0" bev="0" fileid="1" />
              </SequencePoints>
              <BranchPoints />
              <MethodPoint xsi:type="SequencePoint" vc="1" uspid="285" ordinal="0" offset="0" sl="379" sc="9" el="379" ec="10" bec="0" bev="0" fileid="1" />
            </Method>
          </Methods>
        </Class>
        <Class>
          <Summary numSequencePoints="31" visitedSequencePoints="0" numBranchPoints="10" visitedBranchPoints="0" sequenceCoverage="0" branchCoverage="0" maxCyclomaticComplexity="1" minCyclomaticComplexity="1" maxCrapScore="2" minCrapScore="2" visitedClasses="0" numClasses="1" visitedMethods="0" numMethods="10" />
          <FullName>BusinessLogic.FacadeBase</FullName>
          <Methods>
            <Method visited="false" cyclomaticComplexity="1" nPathComplexity="0" sequenceCoverage="0" branchCoverage="0" crapScore="2" isConstructor="true" isStatic="false" isGetter="false" isSetter="false">
              <Summary numSequencePoints="4" visitedSequencePoints="0" numBranchPoints="1" visitedBranchPoints="0" sequenceCoverage="0" branchCoverage="0" maxCyclomaticComplexity="1" minCyclomaticComplexity="1" maxCrapScore="2" minCrapScore="2" visitedClasses="0" numClasses="0" visitedMethods="0" numMethods="1" />
              <MetadataToken>100663318</MetadataToken>
              <Name>System.Void BusinessLogic.FacadeBase::.ctor(BusinessLogic.IDbManager)</Name>
              <FileRef uid="2" />
              <SequencePoints>
                <SequencePoint vc="0" uspid="288" ordinal="0" offset="0" sl="15" sc="9" el="15" ec="48" bec="0" bev="0" fileid="2" />
                <SequencePoint vc="0" uspid="289" ordinal="1" offset="7" sl="16" sc="9" el="16" ec="10" bec="0" bev="0" fileid="2" />
                <SequencePoint vc="0" uspid="290" ordinal="2" offset="8" sl="17" sc="13" el="17" ec="36" bec="0" bev="0" fileid="2" />
                <SequencePoint vc="0" uspid="291" ordinal="3" offset="15" sl="18" sc="9" el="18" ec="10" bec="0" bev="0" fileid="2" />
              </SequencePoints>
              <BranchPoints />
              <MethodPoint xsi:type="SequencePoint" vc="0" uspid="288" ordinal="0" offset="0" sl="15" sc="9" el="15" ec="48" bec="0" bev="0" fileid="2" />
            </Method>
            <Method visited="false" cyclomaticComplexity="1" nPathComplexity="0" sequenceCoverage="0" branchCoverage="0" crapScore="2" isConstructor="false" isStatic="false" isGetter="false" isSetter="false">
              <Summary numSequencePoints="3" visitedSequencePoints="0" numBranchPoints="1" visitedBranchPoints="0" sequenceCoverage="0" branchCoverage="0" maxCyclomaticComplexity="1" minCyclomaticComplexity="1" maxCrapScore="2" minCrapScore="2" visitedClasses="0" numClasses="0" visitedMethods="0" numMethods="1" />
              <MetadataToken>100663319</MetadataToken>
              <Name>System.ValueTuple`3&lt;System.String,System.Int32,System.Int32&gt; BusinessLogic.FacadeBase::TryLoginAndGetUserInfo(System.String,System.String)</Name>
              <FileRef uid="2" />
              <SequencePoints>
                <SequencePoint vc="0" uspid="292" ordinal="0" offset="0" sl="21" sc="9" el="21" ec="10" bec="0" bev="0" fileid="2" />
                <SequencePoint vc="0" uspid="293" ordinal="1" offset="1" sl="22" sc="13" el="22" ec="71" bec="0" bev="0" fileid="2" />
                <SequencePoint vc="0" uspid="294" ordinal="2" offset="17" sl="23" sc="9" el="23" ec="10" bec="0" bev="0" fileid="2" />
              </SequencePoints>
              <BranchPoints />
              <MethodPoint xsi:type="SequencePoint" vc="0" uspid="292" ordinal="0" offset="0" sl="21" sc="9" el="21" ec="10" bec="0" bev="0" fileid="2" />
            </Method>
            <Method visited="false" cyclomaticComplexity="1" nPathComplexity="0" sequenceCoverage="0" branchCoverage="0" crapScore="2" isConstructor="false" isStatic="false" isGetter="false" isSetter="false">
              <Summary numSequencePoints="3" visitedSequencePoints="0" numBranchPoints="1" visitedBranchPoints="0" sequenceCoverage="0" branchCoverage="0" maxCyclomaticComplexity="1" minCyclomaticComplexity="1" maxCrapScore="2" minCrapScore="2" visitedClasses="0" numClasses="0" visitedMethods="0" numMethods="1" />
              <MetadataToken>100663320</MetadataToken>
              <Name>System.Void BusinessLogic.FacadeBase::CreateExpense(Model.Expense)</Name>
              <FileRef uid="2" />
              <SequencePoints>
                <SequencePoint vc="0" uspid="295" ordinal="0" offset="0" sl="26" sc="9" el="26" ec="10" bec="0" bev="0" fileid="2" />
                <SequencePoint vc="0" uspid="296" ordinal="1" offset="1" sl="27" sc="13" el="27" ec="47" bec="0" bev="0" fileid="2" />
                <SequencePoint vc="0" uspid="297" ordinal="2" offset="14" sl="28" sc="9" el="28" ec="10" bec="0" bev="0" fileid="2" />
              </SequencePoints>
              <BranchPoints />
              <MethodPoint xsi:type="SequencePoint" vc="0" uspid="295" ordinal="0" offset="0" sl="26" sc="9" el="26" ec="10" bec="0" bev="0" fileid="2" />
            </Method>
            <Method visited="false" cyclomaticComplexity="1" nPathComplexity="0" sequenceCoverage="0" branchCoverage="0" crapScore="2" isConstructor="false" isStatic="false" isGetter="false" isSetter="false">
              <Summary numSequencePoints="3" visitedSequencePoints="0" numBranchPoints="1" visitedBranchPoints="0" sequenceCoverage="0" branchCoverage="0" maxCyclomaticComplexity="1" minCyclomaticComplexity="1" maxCrapScore="2" minCrapScore="2" visitedClasses="0" numClasses="0" visitedMethods="0" numMethods="1" />
              <MetadataToken>100663321</MetadataToken>
              <Name>System.Collections.Generic.List`1&lt;Model.ExpenseCategory&gt; BusinessLogic.FacadeBase::LoadExpensesCategories()</Name>
              <FileRef uid="2" />
              <SequencePoints>
                <SequencePoint vc="0" uspid="298" ordinal="0" offset="0" sl="30" sc="9" el="30" ec="10" bec="0" bev="0" fileid="2" />
                <SequencePoint vc="0" uspid="299" ordinal="1" offset="1" sl="31" sc="13" el="31" ec="56" bec="0" bev="0" fileid="2" />
                <SequencePoint vc="0" uspid="300" ordinal="2" offset="15" sl="32" sc="9" el="32" ec="10" bec="0" bev="0" fileid="2" />
              </SequencePoints>
              <BranchPoints />
              <MethodPoint xsi:type="SequencePoint" vc="0" uspid="298" ordinal="0" offset="0" sl="30" sc="9" el="30" ec="10" bec="0" bev="0" fileid="2" />
            </Method>
            <Method visited="false" cyclomaticComplexity="1" nPathComplexity="0" sequenceCoverage="0" branchCoverage="0" crapScore="2" isConstructor="false" isStatic="false" isGetter="false" isSetter="false">
              <Summary numSequencePoints="3" visitedSequencePoints="0" numBranchPoints="1" visitedBranchPoints="0" sequenceCoverage="0" branchCoverage="0" maxCyclomaticComplexity="1" minCyclomaticComplexity="1" maxCrapScore="2" minCrapScore="2" visitedClasses="0" numClasses="0" visitedMethods="0" numMethods="1" />
              <MetadataToken>100663322</MetadataToken>
              <Name>System.Collections.Generic.List`1&lt;Model.Expense&gt; BusinessLogic.FacadeBase::GetAllExpenses()</Name>
              <FileRef uid="2" />
              <SequencePoints>
                <SequencePoint vc="0" uspid="301" ordinal="0" offset="0" sl="34" sc="9" el="34" ec="10" bec="0" bev="0" fileid="2" />
                <SequencePoint vc="0" uspid="302" ordinal="1" offset="1" sl="35" sc="13" el="35" ec="48" bec="0" bev="0" fileid="2" />
                <SequencePoint vc="0" uspid="303" ordinal="2" offset="15" sl="36" sc="9" el="36" ec="10" bec="0" bev="0" fileid="2" />
              </SequencePoints>
              <BranchPoints />
              <MethodPoint xsi:type="SequencePoint" vc="0" uspid="301" ordinal="0" offset="0" sl="34" sc="9" el="34" ec="10" bec="0" bev="0" fileid="2" />
            </Method>
            <Method visited="false" cyclomaticComplexity="1" nPathComplexity="0" sequenceCoverage="0" branchCoverage="0" crapScore="2" isConstructor="false" isStatic="false" isGetter="false" isSetter="false">
              <Summary numSequencePoints="3" visitedSequencePoints="0" numBranchPoints="1" visitedBranchPoints="0" sequenceCoverage="0" branchCoverage="0" maxCyclomaticComplexity="1" minCyclomaticComplexity="1" maxCrapScore="2" minCrapScore="2" visitedClasses="0" numClasses="0" visitedMethods="0" numMethods="1" />
              <MetadataToken>100663323</MetadataToken>
              <Name>System.Collections.Generic.List`1&lt;Model.Expense&gt; BusinessLogic.FacadeBase::LoadApprovedExpenses(System.String)</Name>
              <FileRef uid="2" />
              <SequencePoints>
                <SequencePoint vc="0" uspid="304" ordinal="0" offset="0" sl="38" sc="9" el="38" ec="10" bec="0" bev="0" fileid="2" />
                <SequencePoint vc="0" uspid="305" ordinal="1" offset="1" sl="39" sc="13" el="39" ec="60" bec="0" bev="0" fileid="2" />
                <SequencePoint vc="0" uspid="306" ordinal="2" offset="16" sl="40" sc="9" el="40" ec="10" bec="0" bev="0" fileid="2" />
              </SequencePoints>
              <BranchPoints />
              <MethodPoint xsi:type="SequencePoint" vc="0" uspid="304" ordinal="0" offset="0" sl="38" sc="9" el="38" ec="10" bec="0" bev="0" fileid="2" />
            </Method>
            <Method visited="false" cyclomaticComplexity="1" nPathComplexity="0" sequenceCoverage="0" branchCoverage="0" crapScore="2" isConstructor="false" isStatic="false" isGetter="false" isSetter="false">
              <Summary numSequencePoints="3" visitedSequencePoints="0" numBranchPoints="1" visitedBranchPoints="0" sequenceCoverage="0" branchCoverage="0" maxCyclomaticComplexity="1" minCyclomaticComplexity="1" maxCrapScore="2" minCrapScore="2" visitedClasses="0" numClasses="0" visitedMethods="0" numMethods="1" />
              <MetadataToken>100663324</MetadataToken>
              <Name>System.Collections.Generic.List`1&lt;Model.Expense&gt; BusinessLogic.FacadeBase::LoadPendingExpenses()</Name>
              <FileRef uid="2" />
              <SequencePoints>
                <SequencePoint vc="0" uspid="307" ordinal="0" offset="0" sl="43" sc="9" el="43" ec="10" bec="0" bev="0" fileid="2" />
                <SequencePoint vc="0" uspid="308" ordinal="1" offset="1" sl="44" sc="13" el="44" ec="53" bec="0" bev="0" fileid="2" />
                <SequencePoint vc="0" uspid="309" ordinal="2" offset="15" sl="45" sc="9" el="45" ec="10" bec="0" bev="0" fileid="2" />
              </SequencePoints>
              <BranchPoints />
              <MethodPoint xsi:type="SequencePoint" vc="0" uspid="307" ordinal="0" offset="0" sl="43" sc="9" el="43" ec="10" bec="0" bev="0" fileid="2" />
            </Method>
            <Method visited="false" cyclomaticComplexity="1" nPathComplexity="0" sequenceCoverage="0" branchCoverage="0" crapScore="2" isConstructor="false" isStatic="false" isGetter="false" isSetter="false">
              <Summary numSequencePoints="3" visitedSequencePoints="0" numBranchPoints="1" visitedBranchPoints="0" sequenceCoverage="0" branchCoverage="0" maxCyclomaticComplexity="1" minCyclomaticComplexity="1" maxCrapScore="2" minCrapScore="2" visitedClasses="0" numClasses="0" visitedMethods="0" numMethods="1" />
              <MetadataToken>100663325</MetadataToken>
              <Name>System.Void BusinessLogic.FacadeBase::UpdateExpenseStatus(System.Int32,System.String)</Name>
              <FileRef uid="2" />
              <SequencePoints>
                <SequencePoint vc="0" uspid="310" ordinal="0" offset="0" sl="48" sc="9" el="48" ec="10" bec="0" bev="0" fileid="2" />
                <SequencePoint vc="0" uspid="311" ordinal="1" offset="1" sl="49" sc="13" el="49" ec="56" bec="0" bev="0" fileid="2" />
                <SequencePoint vc="0" uspid="312" ordinal="2" offset="15" sl="50" sc="9" el="50" ec="10" bec="0" bev="0" fileid="2" />
              </SequencePoints>
              <BranchPoints />
              <MethodPoint xsi:type="SequencePoint" vc="0" uspid="310" ordinal="0" offset="0" sl="48" sc="9" el="48" ec="10" bec="0" bev="0" fileid="2" />
            </Method>
            <Method visited="false" cyclomaticComplexity="1" nPathComplexity="0" sequenceCoverage="0" branchCoverage="0" crapScore="2" isConstructor="false" isStatic="false" isGetter="false" isSetter="false">
              <Summary numSequencePoints="3" visitedSequencePoints="0" numBranchPoints="1" visitedBranchPoints="0" sequenceCoverage="0" branchCoverage="0" maxCyclomaticComplexity="1" minCyclomaticComplexity="1" maxCrapScore="2" minCrapScore="2" visitedClasses="0" numClasses="0" visitedMethods="0" numMethods="1" />
              <MetadataToken>100663326</MetadataToken>
              <Name>System.Boolean BusinessLogic.FacadeBase::CheckFundsAvailability(System.Decimal,System.Int32)</Name>
              <FileRef uid="2" />
              <SequencePoints>
                <SequencePoint vc="0" uspid="313" ordinal="0" offset="0" sl="53" sc="9" el="53" ec="10" bec="0" bev="0" fileid="2" />
                <SequencePoint vc="0" uspid="314" ordinal="1" offset="1" sl="54" sc="13" el="54" ec="73" bec="0" bev="0" fileid="2" />
                <SequencePoint vc="0" uspid="315" ordinal="2" offset="17" sl="55" sc="9" el="55" ec="10" bec="0" bev="0" fileid="2" />
              </SequencePoints>
              <BranchPoints />
              <MethodPoint xsi:type="SequencePoint" vc="0" uspid="313" ordinal="0" offset="0" sl="53" sc="9" el="53" ec="10" bec="0" bev="0" fileid="2" />
            </Method>
            <Method visited="false" cyclomaticComplexity="1" nPathComplexity="0" sequenceCoverage="0" branchCoverage="0" crapScore="2" isConstructor="false" isStatic="false" isGetter="false" isSetter="false">
              <Summary numSequencePoints="3" visitedSequencePoints="0" numBranchPoints="1" visitedBranchPoints="0" sequenceCoverage="0" branchCoverage="0" maxCyclomaticComplexity="1" minCyclomaticComplexity="1" maxCrapScore="2" minCrapScore="2" visitedClasses="0" numClasses="0" visitedMethods="0" numMethods="1" />
              <MetadataToken>100663327</MetadataToken>
              <Name>System.Void BusinessLogic.FacadeBase::DoPaymentTransaction(System.Int32)</Name>
              <FileRef uid="2" />
              <SequencePoints>
                <SequencePoint vc="0" uspid="316" ordinal="0" offset="0" sl="58" sc="9" el="58" ec="10" bec="0" bev="0" fileid="2" />
                <SequencePoint vc="0" uspid="317" ordinal="1" offset="1" sl="59" sc="13" el="59" ec="59" bec="0" bev="0" fileid="2" />
                <SequencePoint vc="0" uspid="318" ordinal="2" offset="14" sl="60" sc="9" el="60" ec="10" bec="0" bev="0" fileid="2" />
              </SequencePoints>
              <BranchPoints />
              <MethodPoint xsi:type="SequencePoint" vc="0" uspid="316" ordinal="0" offset="0" sl="58" sc="9" el="58" ec="10" bec="0" bev="0" fileid="2" />
            </Method>
          </Methods>
        </Class>
      </Classes>
    </Module>
    <Module skippedDueTo="Filter" hash="7C-67-71-D7-A3-C5-BF-FC-8F-B2-27-93-3A-0C-C9-04-6B-05-3B-37">
      <ModulePath>C:\WINDOWS\Microsoft.Net\assembly\GAC_MSIL\System.Data.resources\v4.0_4.0.0.0_ru_b77a5c561934e089\System.Data.resources.dll</ModulePath>
      <ModuleTime>2024-04-01T16:29:31.5111536Z</ModuleTime>
      <ModuleName>System.Data.resources</ModuleName>
      <Classes />
    </Module>
    <Module skippedDueTo="Filter" hash="EB-3D-76-72-6A-CE-19-D2-3E-16-05-2A-2F-32-44-1A-4E-E7-39-32">
      <ModulePath>C:\WINDOWS\Microsoft.Net\assembly\GAC_64\System.Transactions\v4.0_4.0.0.0__b77a5c561934e089\System.Transactions.dll</ModulePath>
      <ModuleTime>2024-04-01T07:22:28.3098557Z</ModuleTime>
      <ModuleName>System.Transactions</ModuleName>
      <Classes />
    </Module>
    <Module skippedDueTo="Filter" hash="0A-59-31-5E-B4-C2-FE-BB-B0-7F-0F-64-58-AD-BE-7E-45-38-4E-03">
      <ModulePath>C:\WINDOWS\Microsoft.Net\assembly\GAC_64\System.EnterpriseServices\v4.0_4.0.0.0__b03f5f7f11d50a3a\System.EnterpriseServices.dll</ModulePath>
      <ModuleTime>2024-04-01T07:22:38.8880524Z</ModuleTime>
      <ModuleName>System.EnterpriseServices</ModuleName>
      <Classes />
    </Module>
    <Module skippedDueTo="Filter" hash="70-B8-AE-C6-CC-B7-FC-4D-A1-76-68-DD-9F-93-00-3D-37-09-C7-B8">
      <ModulePath>C:\WINDOWS\Microsoft.Net\assembly\GAC_64\System.EnterpriseServices\v4.0_4.0.0.0__b03f5f7f11d50a3a\System.EnterpriseServices.Wrapper.dll</ModulePath>
      <ModuleTime>2024-04-01T07:22:28.1067472Z</ModuleTime>
      <ModuleName>System.EnterpriseServices</ModuleName>
      <Classes />
    </Module>
    <Module skippedDueTo="Filter" hash="8C-BB-2D-DA-7A-94-C3-D6-6C-BF-14-59-F7-FC-B1-C2-1A-47-F9-62">
      <ModulePath>C:\Users\alisa\source\repos\UchetRashodov\UnitTestProject\bin\Debug\Model.dll</ModulePath>
      <ModuleTime>2025-05-23T14:45:14.4055414Z</ModuleTime>
      <ModuleName>Model</ModuleName>
      <Classes />
    </Module>
    <Module skippedDueTo="Filter" hash="38-48-A8-CE-2A-A7-90-03-FA-9C-1A-1F-97-19-BC-6D-61-21-34-A0">
      <ModulePath>C:\WINDOWS\Microsoft.Net\assembly\GAC_MSIL\mscorlib.resources\v4.0_4.0.0.0_ru_b77a5c561934e089\mscorlib.resources.dll</ModulePath>
      <ModuleTime>2024-04-01T16:29:31.5736384Z</ModuleTime>
      <ModuleName>mscorlib.resources</ModuleName>
      <Classes />
    </Module>
    <Module skippedDueTo="Filter" hash="65-F8-B0-7E-8F-02-0A-22-BC-60-B3-66-BE-62-AA-2F-DB-03-91-B3">
      <ModulePath>C:\Program Files\Microsoft Visual Studio\2022\Community\Common7\IDE\Extensions\TestPlatform\Microsoft.VisualStudio.QualityTools.ExecutionCommon.dll</ModulePath>
      <ModuleTime>2023-10-29T07:12:05.6522827Z</ModuleTime>
      <ModuleName>Microsoft.VisualStudio.QualityTools.ExecutionCommon</ModuleName>
      <Classes />
    </Module>
    <Module skippedDueTo="Filter" hash="EF-2C-0E-B9-70-42-11-E3-3B-83-60-94-B8-A2-F3-AF-BF-49-D7-03">
      <ModulePath>C:\Program Files\Microsoft Visual Studio\2022\Community\Common7\IDE\Extensions\TestPlatform\Microsoft.VisualStudio.QualityTools.Resource.dll</ModulePath>
      <ModuleTime>2023-10-29T07:12:05.6827544Z</ModuleTime>
      <ModuleName>Microsoft.VisualStudio.QualityTools.Resource</ModuleName>
      <Classes />
    </Module>
    <Module skippedDueTo="Filter" hash="C3-ED-81-08-0E-4A-D9-5B-9F-05-9E-AA-99-9B-01-CA-AE-40-15-E3">
      <ModulePath>C:\Program Files\Microsoft Visual Studio\2022\Community\Common7\IDE\Extensions\TestPlatform\Microsoft.VisualStudio.QualityTools.WebTestFramework.dll</ModulePath>
      <ModuleTime>2023-10-29T07:12:05.7144754Z</ModuleTime>
      <ModuleName>Microsoft.VisualStudio.QualityTools.WebTestFramework</ModuleName>
      <Classes />
    </Module>
    <Module skippedDueTo="Filter" hash="D2-BA-94-C0-A7-5A-3F-C7-9E-17-64-06-A6-B0-4A-BF-D7-66-3B-C3">
      <ModulePath>C:\Program Files\Microsoft Visual Studio\2022\Community\Common7\IDE\Extensions\TestPlatform\Microsoft.VisualStudio.TestPlatform.ObjectModel.dll</ModulePath>
      <ModuleTime>2023-10-29T07:12:05.7301926Z</ModuleTime>
      <ModuleName>Microsoft.VisualStudio.TestPlatform.ObjectModel</ModuleName>
      <Classes />
    </Module>
    <Module skippedDueTo="Filter" hash="D2-BA-94-C0-A7-5A-3F-C7-9E-17-64-06-A6-B0-4A-BF-D7-66-3B-C3">
      <ModulePath>C:\Program Files\Microsoft Visual Studio\2022\Community\Common7\IDE\Extensions\TestPlatform\Microsoft.VisualStudio.TestPlatform.ObjectModel.dll</ModulePath>
      <ModuleTime>2023-10-29T07:12:05.7301926Z</ModuleTime>
      <ModuleName>Microsoft.VisualStudio.TestPlatform.ObjectModel</ModuleName>
      <Classes />
    </Module>
  </Modules>
</CoverageSession>